{
"/home/jbms/shared/neuroglancer/src/neuroglancer/util/uint64.ts":{"path":"/home/jbms/shared/neuroglancer/src/neuroglancer/util/uint64.ts","s":{"1":1,"2":1,"3":2,"4":10,"5":10,"6":10,"7":10,"8":10,"9":10,"10":1,"11":1,"12":1,"13":1,"14":1,"15":1,"16":1,"17":14479,"18":0,"19":1,"20":1,"21":1,"22":1,"23":35,"24":35,"25":35,"26":35,"27":35,"28":35,"29":35,"30":26,"31":26,"32":35,"33":35,"34":35,"35":35,"36":1,"37":1,"38":14479,"39":14479,"40":14479,"41":1,"42":0,"43":0,"44":0,"45":9068,"46":9068,"47":8,"48":9060,"49":9060,"50":9060,"51":9060,"52":9060,"53":9060,"54":9060,"55":9060,"56":9060,"57":3512,"58":3512,"59":5,"60":3507,"61":4,"62":4,"63":4,"64":3503,"65":3503,"66":3503,"67":3503,"68":3503,"69":3503,"70":3503,"71":514,"72":514,"73":3503,"74":1,"75":3502,"76":3502,"77":3502,"78":5,"79":5,"80":5,"81":3,"82":0,"83":5800,"84":5800,"85":3505,"86":3505,"87":0,"88":3505,"89":1,"90":1,"91":1},"b":{"1":[10,10],"2":[10,0],"3":[1,0],"4":[1,0],"5":[0,14479],"6":[26,9],"7":[8,9060],"8":[5,3507],"9":[4,3503],"10":[514,2989],"11":[1,3502],"12":[3503,3502],"13":[5,5],"14":[5,3,1],"15":[3,2],"16":[0,0],"17":[0,3505]},"f":{"1":1,"2":2,"3":1,"4":14479,"5":1,"6":14479,"7":0,"8":0,"9":9068,"10":3512,"11":5,"12":5,"13":3,"14":0,"15":5800,"16":3505},"fnMap":{"1":{"name":"(anonymous_1)","line":18,"loc":{"start":{"line":18,"column":19},"end":{"line":18,"column":31}}},"2":{"name":"defineProperties","line":18,"loc":{"start":{"line":18,"column":33},"end":{"line":18,"column":74}}},"3":{"name":"(anonymous_3)","line":18,"loc":{"start":{"line":18,"column":357},"end":{"line":18,"column":405}}},"4":{"name":"_classCallCheck","line":20,"loc":{"start":{"line":20,"column":0},"end":{"line":20,"column":48}}},"5":{"name":"(anonymous_5)","line":42,"loc":{"start":{"line":42,"column":13},"end":{"line":42,"column":25}}},"6":{"name":"Uint64","line":43,"loc":{"start":{"line":43,"column":4},"end":{"line":43,"column":39}}},"7":{"name":"clone","line":52,"loc":{"start":{"line":52,"column":15},"end":{"line":52,"column":32}}},"8":{"name":"assign","line":57,"loc":{"start":{"line":57,"column":15},"end":{"line":57,"column":34}}},"9":{"name":"toString","line":63,"loc":{"start":{"line":63,"column":15},"end":{"line":63,"column":44}}},"10":{"name":"parseString","line":81,"loc":{"start":{"line":81,"column":15},"end":{"line":81,"column":50}}},"11":{"name":"valid","line":110,"loc":{"start":{"line":110,"column":15},"end":{"line":110,"column":32}}},"12":{"name":"less","line":116,"loc":{"start":{"line":116,"column":15},"end":{"line":116,"column":35}}},"13":{"name":"equal","line":121,"loc":{"start":{"line":121,"column":15},"end":{"line":121,"column":36}}},"14":{"name":"min","line":126,"loc":{"start":{"line":126,"column":15},"end":{"line":126,"column":34}}},"15":{"name":"random","line":131,"loc":{"start":{"line":131,"column":15},"end":{"line":131,"column":33}}},"16":{"name":"parseString","line":137,"loc":{"start":{"line":137,"column":15},"end":{"line":137,"column":50}}}},"statementMap":{"1":{"start":{"line":18,"column":0},"end":{"line":18,"column":564}},"2":{"start":{"line":18,"column":33},"end":{"line":18,"column":349}},"3":{"start":{"line":18,"column":76},"end":{"line":18,"column":347}},"4":{"start":{"line":18,"column":117},"end":{"line":18,"column":143}},"5":{"start":{"line":18,"column":144},"end":{"line":18,"column":199}},"6":{"start":{"line":18,"column":200},"end":{"line":18,"column":231}},"7":{"start":{"line":18,"column":232},"end":{"line":18,"column":286}},"8":{"start":{"line":18,"column":259},"end":{"line":18,"column":286}},"9":{"start":{"line":18,"column":287},"end":{"line":18,"column":345}},"10":{"start":{"line":18,"column":350},"end":{"line":18,"column":559}},"11":{"start":{"line":18,"column":407},"end":{"line":18,"column":475}},"12":{"start":{"line":18,"column":423},"end":{"line":18,"column":475}},"13":{"start":{"line":18,"column":476},"end":{"line":18,"column":536}},"14":{"start":{"line":18,"column":493},"end":{"line":18,"column":536}},"15":{"start":{"line":18,"column":537},"end":{"line":18,"column":556}},"16":{"start":{"line":20,"column":0},"end":{"line":20,"column":153}},"17":{"start":{"line":20,"column":50},"end":{"line":20,"column":151}},"18":{"start":{"line":20,"column":92},"end":{"line":20,"column":149}},"19":{"start":{"line":22,"column":0},"end":{"line":22,"column":42}},"20":{"start":{"line":23,"column":0},"end":{"line":23,"column":27}},"21":{"start":{"line":24,"column":0},"end":{"line":24,"column":30}},"22":{"start":{"line":25,"column":0},"end":{"line":40,"column":1}},"23":{"start":{"line":26,"column":4},"end":{"line":26,"column":53}},"24":{"start":{"line":27,"column":4},"end":{"line":27,"column":44}},"25":{"start":{"line":28,"column":4},"end":{"line":28,"column":47}},"26":{"start":{"line":29,"column":4},"end":{"line":29,"column":46}},"27":{"start":{"line":30,"column":4},"end":{"line":30,"column":58}},"28":{"start":{"line":31,"column":4},"end":{"line":31,"column":98}},"29":{"start":{"line":32,"column":4},"end":{"line":35,"column":5}},"30":{"start":{"line":33,"column":8},"end":{"line":33,"column":85}},"31":{"start":{"line":34,"column":8},"end":{"line":34,"column":85}},"32":{"start":{"line":36,"column":4},"end":{"line":36,"column":52}},"33":{"start":{"line":37,"column":4},"end":{"line":37,"column":44}},"34":{"start":{"line":38,"column":4},"end":{"line":38,"column":44}},"35":{"start":{"line":39,"column":4},"end":{"line":39,"column":85}},"36":{"start":{"line":42,"column":0},"end":{"line":147,"column":4}},"37":{"start":{"line":43,"column":4},"end":{"line":48,"column":5}},"38":{"start":{"line":44,"column":8},"end":{"line":44,"column":38}},"39":{"start":{"line":46,"column":8},"end":{"line":46,"column":23}},"40":{"start":{"line":47,"column":8},"end":{"line":47,"column":25}},"41":{"start":{"line":50,"column":4},"end":{"line":144,"column":8}},"42":{"start":{"line":53,"column":12},"end":{"line":53,"column":51}},"43":{"start":{"line":58,"column":12},"end":{"line":58,"column":29}},"44":{"start":{"line":59,"column":12},"end":{"line":59,"column":31}},"45":{"start":{"line":64,"column":12},"end":{"line":65,"column":34}},"46":{"start":{"line":66,"column":12},"end":{"line":68,"column":13}},"47":{"start":{"line":67,"column":16},"end":{"line":67,"column":43}},"48":{"start":{"line":69,"column":12},"end":{"line":69,"column":30}},"49":{"start":{"line":70,"column":12},"end":{"line":70,"column":68}},"50":{"start":{"line":71,"column":12},"end":{"line":71,"column":45}},"51":{"start":{"line":72,"column":12},"end":{"line":72,"column":48}},"52":{"start":{"line":73,"column":12},"end":{"line":73,"column":31}},"53":{"start":{"line":74,"column":12},"end":{"line":74,"column":48}},"54":{"start":{"line":75,"column":12},"end":{"line":75,"column":34}},"55":{"start":{"line":76,"column":12},"end":{"line":76,"column":46}},"56":{"start":{"line":77,"column":12},"end":{"line":77,"column":91}},"57":{"start":{"line":82,"column":12},"end":{"line":82,"column":97}},"58":{"start":{"line":83,"column":12},"end":{"line":85,"column":13}},"59":{"start":{"line":84,"column":16},"end":{"line":84,"column":29}},"60":{"start":{"line":86,"column":12},"end":{"line":90,"column":13}},"61":{"start":{"line":87,"column":16},"end":{"line":87,"column":45}},"62":{"start":{"line":88,"column":16},"end":{"line":88,"column":30}},"63":{"start":{"line":89,"column":16},"end":{"line":89,"column":28}},"64":{"start":{"line":91,"column":12},"end":{"line":91,"column":50}},"65":{"start":{"line":92,"column":12},"end":{"line":92,"column":64}},"66":{"start":{"line":93,"column":12},"end":{"line":93,"column":68}},"67":{"start":{"line":94,"column":12},"end":{"line":94,"column":52}},"68":{"start":{"line":95,"column":12},"end":{"line":95,"column":60}},"69":{"start":{"line":96,"column":12},"end":{"line":96,"column":98}},"70":{"start":{"line":97,"column":12},"end":{"line":100,"column":13}},"71":{"start":{"line":98,"column":16},"end":{"line":98,"column":23}},"72":{"start":{"line":99,"column":16},"end":{"line":99,"column":32}},"73":{"start":{"line":101,"column":12},"end":{"line":103,"column":13}},"74":{"start":{"line":102,"column":16},"end":{"line":102,"column":29}},"75":{"start":{"line":104,"column":12},"end":{"line":104,"column":27}},"76":{"start":{"line":105,"column":12},"end":{"line":105,"column":29}},"77":{"start":{"line":106,"column":12},"end":{"line":106,"column":24}},"78":{"start":{"line":111,"column":12},"end":{"line":111,"column":37}},"79":{"start":{"line":112,"column":12},"end":{"line":112,"column":60}},"80":{"start":{"line":117,"column":12},"end":{"line":117,"column":73}},"81":{"start":{"line":122,"column":12},"end":{"line":122,"column":56}},"82":{"start":{"line":127,"column":12},"end":{"line":127,"column":45}},"83":{"start":{"line":132,"column":12},"end":{"line":132,"column":53}},"84":{"start":{"line":133,"column":12},"end":{"line":133,"column":72}},"85":{"start":{"line":138,"column":12},"end":{"line":138,"column":33}},"86":{"start":{"line":139,"column":12},"end":{"line":141,"column":13}},"87":{"start":{"line":140,"column":16},"end":{"line":140,"column":99}},"88":{"start":{"line":142,"column":12},"end":{"line":142,"column":21}},"89":{"start":{"line":146,"column":4},"end":{"line":146,"column":18}},"90":{"start":{"line":149,"column":0},"end":{"line":149,"column":31}},"91":{"start":{"line":150,"column":0},"end":{"line":150,"column":24}}},"branchMap":{"1":{"line":18,"type":"binary-expr","locations":[{"start":{"line":18,"column":168},"end":{"line":18,"column":189}},{"start":{"line":18,"column":193},"end":{"line":18,"column":198}}]},"2":{"line":18,"type":"if","locations":[{"start":{"line":18,"column":232},"end":{"line":18,"column":232}},{"start":{"line":18,"column":232},"end":{"line":18,"column":232}}]},"3":{"line":18,"type":"if","locations":[{"start":{"line":18,"column":407},"end":{"line":18,"column":407}},{"start":{"line":18,"column":407},"end":{"line":18,"column":407}}]},"4":{"line":18,"type":"if","locations":[{"start":{"line":18,"column":476},"end":{"line":18,"column":476}},{"start":{"line":18,"column":476},"end":{"line":18,"column":476}}]},"5":{"line":20,"type":"if","locations":[{"start":{"line":20,"column":50},"end":{"line":20,"column":50}},{"start":{"line":20,"column":50},"end":{"line":20,"column":50}}]},"6":{"line":32,"type":"if","locations":[{"start":{"line":32,"column":4},"end":{"line":32,"column":4}},{"start":{"line":32,"column":4},"end":{"line":32,"column":4}}]},"7":{"line":66,"type":"if","locations":[{"start":{"line":66,"column":12},"end":{"line":66,"column":12}},{"start":{"line":66,"column":12},"end":{"line":66,"column":12}}]},"8":{"line":83,"type":"if","locations":[{"start":{"line":83,"column":12},"end":{"line":83,"column":12}},{"start":{"line":83,"column":12},"end":{"line":83,"column":12}}]},"9":{"line":86,"type":"if","locations":[{"start":{"line":86,"column":12},"end":{"line":86,"column":12}},{"start":{"line":86,"column":12},"end":{"line":86,"column":12}}]},"10":{"line":97,"type":"if","locations":[{"start":{"line":97,"column":12},"end":{"line":97,"column":12}},{"start":{"line":97,"column":12},"end":{"line":97,"column":12}}]},"11":{"line":101,"type":"if","locations":[{"start":{"line":101,"column":12},"end":{"line":101,"column":12}},{"start":{"line":101,"column":12},"end":{"line":101,"column":12}}]},"12":{"line":101,"type":"binary-expr","locations":[{"start":{"line":101,"column":16},"end":{"line":101,"column":33}},{"start":{"line":101,"column":37},"end":{"line":101,"column":56}}]},"13":{"line":112,"type":"binary-expr","locations":[{"start":{"line":112,"column":19},"end":{"line":112,"column":36}},{"start":{"line":112,"column":40},"end":{"line":112,"column":59}}]},"14":{"line":117,"type":"binary-expr","locations":[{"start":{"line":117,"column":19},"end":{"line":117,"column":34}},{"start":{"line":117,"column":38},"end":{"line":117,"column":55}},{"start":{"line":117,"column":59},"end":{"line":117,"column":72}}]},"15":{"line":122,"type":"binary-expr","locations":[{"start":{"line":122,"column":19},"end":{"line":122,"column":34}},{"start":{"line":122,"column":38},"end":{"line":122,"column":55}}]},"16":{"line":127,"type":"cond-expr","locations":[{"start":{"line":127,"column":39},"end":{"line":127,"column":40}},{"start":{"line":127,"column":43},"end":{"line":127,"column":44}}]},"17":{"line":139,"type":"if","locations":[{"start":{"line":139,"column":12},"end":{"line":139,"column":12}},{"start":{"line":139,"column":12},"end":{"line":139,"column":12}}]}},"code":["/**"," * @license"," * Copyright 2016 Google Inc."," * Licensed under the Apache License, Version 2.0 (the \"License\");"," * you may not use this file except in compliance with the License."," * You may obtain a copy of the License at"," *"," *      http://www.apache.org/licenses/LICENSE-2.0"," *"," * Unless required by applicable law or agreed to in writing, software"," * distributed under the License is distributed on an \"AS IS\" BASIS,"," * WITHOUT WARRANTIES OR CONDITIONS OF ANY KIND, either express or implied."," * See the License for the specific language governing permissions and"," * limitations under the License."," */","\"use strict\";","","var _createClass = function () { function defineProperties(target, props) { for (var i = 0; i < props.length; i++) { var descriptor = props[i]; descriptor.enumerable = descriptor.enumerable || false; descriptor.configurable = true; if (\"value\" in descriptor) descriptor.writable = true; Object.defineProperty(target, descriptor.key, descriptor); } } return function (Constructor, protoProps, staticProps) { if (protoProps) defineProperties(Constructor.prototype, protoProps); if (staticProps) defineProperties(Constructor, staticProps); return Constructor; }; }();","","function _classCallCheck(instance, Constructor) { if (!(instance instanceof Constructor)) { throw new TypeError(\"Cannot call a class as a function\"); } }","","var randomTempBuffer = new Uint32Array(2);","var trueBase = 0x100000000;","var stringConversionData = [];","for (var base = 2; base <= 36; ++base) {","    var lowDigits = Math.floor(32 / Math.log2(base));","    var lowBase = Math.pow(base, lowDigits);","    var lowDigits1 = Math.floor(lowDigits / 2);","    var lowBase1 = Math.pow(base, lowDigits1);","    var lowBase2 = Math.pow(base, lowDigits - lowDigits1);","    var patternString = `^[0-${ String.fromCharCode('0'.charCodeAt(0) + Math.min(9, base - 1)) }`;","    if (base > 10) {","        patternString += `a-${ String.fromCharCode('a'.charCodeAt(0) + base - 11) }`;","        patternString += `A-${ String.fromCharCode('A'.charCodeAt(0) + base - 11) }`;","    }","    var maxDigits = Math.ceil(64 / Math.log2(base));","    patternString += `]{1,${ maxDigits }}$`;","    var pattern = new RegExp(patternString);","    stringConversionData[base] = { lowDigits, lowBase, lowBase1, lowBase2, pattern };","}","","var Uint64 = function () {","    function Uint64(low = 0, high = 0) {","        _classCallCheck(this, Uint64);","","        this.low = low;","        this.high = high;","    }","","    _createClass(Uint64, [{","        key: 'clone',","        value: function clone() {","            return new Uint64(this.low, this.high);","        }","    }, {","        key: 'assign',","        value: function assign(x) {","            this.low = x.low;","            this.high = x.high;","        }","    }, {","        key: 'toString',","        value: function toString(base = 10) {","            var vLow = this.low,","                vHigh = this.high;","            if (vHigh === 0) {","                return vLow.toString(base);","            }","            vHigh *= trueBase;","            var { lowBase, lowDigits } = stringConversionData[base];","            var vHighExtra = vHigh % lowBase;","            vHigh = Math.floor(vHigh / lowBase);","            vLow += vHighExtra;","            vHigh += Math.floor(vLow / lowBase);","            vLow = vLow % lowBase;","            var vLowStr = vLow.toString(base);","            return vHigh.toString(base) + '0'.repeat(lowDigits - vLowStr.length) + vLowStr;","        }","    }, {","        key: 'parseString',","        value: function parseString(s, base = 10) {","            var { lowDigits, lowBase, lowBase1, lowBase2, pattern } = stringConversionData[base];","            if (!pattern.test(s)) {","                return false;","            }","            if (s.length <= lowDigits) {","                this.low = parseInt(s, base);","                this.high = 0;","                return true;","            }","            var splitPoint = s.length - lowDigits;","            var lowPrime = parseInt(s.substr(splitPoint), base);","            var highPrime = parseInt(s.substr(0, splitPoint), base);","            var highConverted = highPrime * lowBase;","            var high = Math.floor(highConverted / trueBase);","            var low = lowPrime + highPrime % trueBase * lowBase1 % trueBase * lowBase2 % trueBase;","            if (low > trueBase) {","                ++high;","                low -= trueBase;","            }","            if (low >>> 0 !== low || high >>> 0 !== high) {","                return false;","            }","            this.low = low;","            this.high = high;","            return true;","        }","    }, {","        key: 'valid',","        value: function valid() {","            var { low, high } = this;","            return low >>> 0 === low && high >>> 0 === high;","        }","    }], [{","        key: 'less',","        value: function less(a, b) {","            return a.high < b.high || a.high === b.high && a.low < b.low;","        }","    }, {","        key: 'equal',","        value: function equal(a, b) {","            return a.low === b.low && a.high === b.high;","        }","    }, {","        key: 'min',","        value: function min(a, b) {","            return Uint64.less(a, b) ? a : b;","        }","    }, {","        key: 'random',","        value: function random() {","            crypto.getRandomValues(randomTempBuffer);","            return new Uint64(randomTempBuffer[0], randomTempBuffer[1]);","        }","    }, {","        key: 'parseString',","        value: function parseString(s, base = 10) {","            var x = new Uint64();","            if (!x.parseString(s, base)) {","                throw new Error(`Failed to parse string as uint64 value: ${ JSON.stringify(s) }.`);","            }","            return x;","        }","    }]);","","    return Uint64;","}();","","Uint64.ZERO = new Uint64(0, 0);","exports.Uint64 = Uint64;",";"],"l":{"18":10,"20":14479,"22":1,"23":1,"24":1,"25":1,"26":35,"27":35,"28":35,"29":35,"30":35,"31":35,"32":35,"33":26,"34":26,"36":35,"37":35,"38":35,"39":35,"42":1,"43":1,"44":14479,"46":14479,"47":14479,"50":1,"53":0,"58":0,"59":0,"64":9068,"66":9068,"67":8,"69":9060,"70":9060,"71":9060,"72":9060,"73":9060,"74":9060,"75":9060,"76":9060,"77":9060,"82":3512,"83":3512,"84":5,"86":3507,"87":4,"88":4,"89":4,"91":3503,"92":3503,"93":3503,"94":3503,"95":3503,"96":3503,"97":3503,"98":514,"99":514,"101":3503,"102":1,"104":3502,"105":3502,"106":3502,"111":5,"112":5,"117":5,"122":3,"127":0,"132":5800,"133":5800,"138":3505,"139":3505,"140":0,"142":3505,"146":1,"149":1,"150":1}},
"/home/jbms/shared/neuroglancer/src/neuroglancer/gpu_hash/hash_table.ts":{"path":"/home/jbms/shared/neuroglancer/src/neuroglancer/gpu_hash/hash_table.ts","s":{"1":1,"2":1,"3":2,"4":13,"5":13,"6":13,"7":13,"8":13,"9":13,"10":1,"11":1,"12":1,"13":1,"14":1,"15":1,"16":1,"17":23,"18":0,"19":1,"20":1,"21":1,"22":1,"23":1,"24":23,"25":23,"26":23,"27":23,"28":23,"29":23,"30":23,"31":23,"32":23,"33":23,"34":23,"35":23,"36":23,"37":23,"38":23,"39":1,"40":204,"41":39775,"42":39775,"43":39775,"44":39775,"45":39775,"46":100,"47":100,"48":100,"49":100,"50":300,"51":6432,"52":6432,"53":5050,"54":5050,"55":5050,"56":100,"57":100,"58":202,"59":202,"60":202,"61":100,"62":0,"63":5750,"64":5750,"65":12128,"66":12128,"67":12128,"68":5150,"69":600,"70":0,"71":0,"72":0,"73":0,"74":0,"75":0,"76":0,"77":0,"78":0,"79":0,"80":0,"81":0,"82":0,"83":0,"84":0,"85":0,"86":0,"87":0,"88":0,"89":0,"90":0,"91":0,"92":0,"93":0,"94":9546,"95":9546,"96":9546,"97":9546,"98":9546,"99":26845,"100":26845,"101":26845,"102":26845,"103":26845,"104":26845,"105":9349,"106":17496,"107":17496,"108":17496,"109":197,"110":17299,"111":197,"112":227,"113":227,"114":227,"115":227,"116":227,"117":227,"118":681,"119":227,"120":227,"121":227,"122":681,"123":10941,"124":10941,"125":227,"126":204,"127":204,"128":204,"129":584,"130":584,"131":9289,"132":9289,"133":9289,"134":9289,"135":140,"136":64,"137":64,"138":64,"139":64,"140":79,"141":79,"142":79,"143":0,"144":79,"145":79,"146":0,"147":79,"148":204,"149":64,"150":15,"151":200,"152":0,"153":200,"154":200,"155":7,"156":200,"157":257,"158":257,"159":200,"160":57,"161":57,"162":57,"163":227,"164":227,"165":681,"166":681,"167":227,"168":1,"169":1},"b":{"1":[13,13],"2":[13,0],"3":[1,0],"4":[1,0],"5":[0,23],"6":[5050,1382],"7":[6432,1382],"8":[100,102],"9":[202,100],"10":[5150,6978],"11":[12128,5150],"12":[0,0],"13":[0,0],"14":[0,0],"15":[9349,17496],"16":[26845,9349],"17":[197,17299],"18":[9289,0],"19":[9289,0],"20":[140,9149],"21":[0,79],"22":[0,79],"23":[79,0],"24":[64,140],"25":[0,200],"26":[7,193],"27":[200,57]},"f":{"1":1,"2":2,"3":1,"4":23,"5":1,"6":23,"7":204,"8":39775,"9":100,"10":100,"11":5750,"12":0,"13":0,"14":9546,"15":227,"16":204,"17":64,"18":200,"19":227},"fnMap":{"1":{"name":"(anonymous_1)","line":18,"loc":{"start":{"line":18,"column":19},"end":{"line":18,"column":31}}},"2":{"name":"defineProperties","line":18,"loc":{"start":{"line":18,"column":33},"end":{"line":18,"column":74}}},"3":{"name":"(anonymous_3)","line":18,"loc":{"start":{"line":18,"column":357},"end":{"line":18,"column":405}}},"4":{"name":"_classCallCheck","line":20,"loc":{"start":{"line":20,"column":0},"end":{"line":20,"column":48}}},"5":{"name":"(anonymous_5)","line":26,"loc":{"start":{"line":26,"column":16},"end":{"line":26,"column":28}}},"6":{"name":"HashTable","line":27,"loc":{"start":{"line":27,"column":4},"end":{"line":27,"column":98}}},"7":{"name":"updateHashFunctions","line":48,"loc":{"start":{"line":48,"column":15},"end":{"line":48,"column":61}}},"8":{"name":"getHash","line":53,"loc":{"start":{"line":53,"column":15},"end":{"line":53,"column":55}}},"9":{"name":"(anonymous_9)","line":63,"loc":{"start":{"line":63,"column":15},"end":{"line":63,"column":28}}},"10":{"name":"hasWithTableIndex","line":87,"loc":{"start":{"line":87,"column":15},"end":{"line":87,"column":53}}},"11":{"name":"has","line":104,"loc":{"start":{"line":104,"column":15},"end":{"line":104,"column":39}}},"12":{"name":"_delete","line":117,"loc":{"start":{"line":117,"column":15},"end":{"line":117,"column":43}}},"13":{"name":"clear","line":134,"loc":{"start":{"line":134,"column":15},"end":{"line":134,"column":32}}},"14":{"name":"tryToInsert","line":154,"loc":{"start":{"line":154,"column":15},"end":{"line":154,"column":47}}},"15":{"name":"allocate","line":180,"loc":{"start":{"line":180,"column":15},"end":{"line":180,"column":48}}},"16":{"name":"rehash","line":202,"loc":{"start":{"line":202,"column":15},"end":{"line":202,"column":57}}},"17":{"name":"grow","line":222,"loc":{"start":{"line":222,"column":15},"end":{"line":222,"column":47}}},"18":{"name":"add","line":245,"loc":{"start":{"line":245,"column":15},"end":{"line":245,"column":39}}},"19":{"name":"generateHashFunctions","line":265,"loc":{"start":{"line":265,"column":15},"end":{"line":265,"column":90}}}},"statementMap":{"1":{"start":{"line":18,"column":0},"end":{"line":18,"column":564}},"2":{"start":{"line":18,"column":33},"end":{"line":18,"column":349}},"3":{"start":{"line":18,"column":76},"end":{"line":18,"column":347}},"4":{"start":{"line":18,"column":117},"end":{"line":18,"column":143}},"5":{"start":{"line":18,"column":144},"end":{"line":18,"column":199}},"6":{"start":{"line":18,"column":200},"end":{"line":18,"column":231}},"7":{"start":{"line":18,"column":232},"end":{"line":18,"column":286}},"8":{"start":{"line":18,"column":259},"end":{"line":18,"column":286}},"9":{"start":{"line":18,"column":287},"end":{"line":18,"column":345}},"10":{"start":{"line":18,"column":350},"end":{"line":18,"column":559}},"11":{"start":{"line":18,"column":407},"end":{"line":18,"column":475}},"12":{"start":{"line":18,"column":423},"end":{"line":18,"column":475}},"13":{"start":{"line":18,"column":476},"end":{"line":18,"column":536}},"14":{"start":{"line":18,"column":493},"end":{"line":18,"column":536}},"15":{"start":{"line":18,"column":537},"end":{"line":18,"column":556}},"16":{"start":{"line":20,"column":0},"end":{"line":20,"column":153}},"17":{"start":{"line":20,"column":50},"end":{"line":20,"column":151}},"18":{"start":{"line":20,"column":92},"end":{"line":20,"column":149}},"19":{"start":{"line":22,"column":0},"end":{"line":22,"column":69}},"20":{"start":{"line":23,"column":0},"end":{"line":23,"column":29}},"21":{"start":{"line":24,"column":0},"end":{"line":24,"column":30}},"22":{"start":{"line":26,"column":0},"end":{"line":276,"column":4}},"23":{"start":{"line":27,"column":4},"end":{"line":44,"column":5}},"24":{"start":{"line":28,"column":8},"end":{"line":28,"column":41}},"25":{"start":{"line":30,"column":8},"end":{"line":30,"column":46}},"26":{"start":{"line":31,"column":8},"end":{"line":31,"column":22}},"27":{"start":{"line":32,"column":8},"end":{"line":32,"column":30}},"28":{"start":{"line":33,"column":8},"end":{"line":33,"column":29}},"29":{"start":{"line":34,"column":8},"end":{"line":34,"column":26}},"30":{"start":{"line":35,"column":8},"end":{"line":35,"column":27}},"31":{"start":{"line":36,"column":8},"end":{"line":36,"column":30}},"32":{"start":{"line":37,"column":8},"end":{"line":37,"column":35}},"33":{"start":{"line":38,"column":8},"end":{"line":38,"column":36}},"34":{"start":{"line":39,"column":8},"end":{"line":39,"column":35}},"35":{"start":{"line":40,"column":8},"end":{"line":40,"column":29}},"36":{"start":{"line":41,"column":8},"end":{"line":41,"column":28}},"37":{"start":{"line":42,"column":8},"end":{"line":42,"column":43}},"38":{"start":{"line":43,"column":8},"end":{"line":43,"column":28}},"39":{"start":{"line":46,"column":4},"end":{"line":273,"column":8}},"40":{"start":{"line":49,"column":12},"end":{"line":49,"column":82}},"41":{"start":{"line":54,"column":12},"end":{"line":54,"column":56}},"42":{"start":{"line":55,"column":12},"end":{"line":56,"column":37}},"43":{"start":{"line":57,"column":12},"end":{"line":57,"column":57}},"44":{"start":{"line":58,"column":12},"end":{"line":58,"column":58}},"45":{"start":{"line":59,"column":12},"end":{"line":59,"column":44}},"46":{"start":{"line":64,"column":12},"end":{"line":64,"column":53}},"47":{"start":{"line":65,"column":12},"end":{"line":66,"column":43}},"48":{"start":{"line":67,"column":12},"end":{"line":67,"column":30}},"49":{"start":{"line":68,"column":12},"end":{"line":78,"column":13}},"50":{"start":{"line":69,"column":16},"end":{"line":77,"column":17}},"51":{"start":{"line":70,"column":20},"end":{"line":71,"column":48}},"52":{"start":{"line":72,"column":20},"end":{"line":76,"column":21}},"53":{"start":{"line":73,"column":24},"end":{"line":73,"column":38}},"54":{"start":{"line":74,"column":24},"end":{"line":74,"column":39}},"55":{"start":{"line":75,"column":24},"end":{"line":75,"column":35}},"56":{"start":{"line":88,"column":12},"end":{"line":88,"column":47}},"57":{"start":{"line":89,"column":12},"end":{"line":95,"column":13}},"58":{"start":{"line":90,"column":16},"end":{"line":90,"column":51}},"59":{"start":{"line":91,"column":16},"end":{"line":91,"column":43}},"60":{"start":{"line":92,"column":16},"end":{"line":94,"column":17}},"61":{"start":{"line":93,"column":20},"end":{"line":93,"column":29}},"62":{"start":{"line":96,"column":12},"end":{"line":96,"column":24}},"63":{"start":{"line":105,"column":12},"end":{"line":105,"column":47}},"64":{"start":{"line":106,"column":12},"end":{"line":112,"column":13}},"65":{"start":{"line":107,"column":16},"end":{"line":107,"column":51}},"66":{"start":{"line":108,"column":16},"end":{"line":108,"column":43}},"67":{"start":{"line":109,"column":16},"end":{"line":111,"column":17}},"68":{"start":{"line":110,"column":20},"end":{"line":110,"column":32}},"69":{"start":{"line":113,"column":12},"end":{"line":113,"column":25}},"70":{"start":{"line":118,"column":12},"end":{"line":118,"column":47}},"71":{"start":{"line":119,"column":12},"end":{"line":129,"column":13}},"72":{"start":{"line":120,"column":16},"end":{"line":120,"column":51}},"73":{"start":{"line":121,"column":16},"end":{"line":121,"column":43}},"74":{"start":{"line":122,"column":16},"end":{"line":128,"column":17}},"75":{"start":{"line":123,"column":20},"end":{"line":123,"column":45}},"76":{"start":{"line":124,"column":20},"end":{"line":124,"column":50}},"77":{"start":{"line":125,"column":20},"end":{"line":125,"column":38}},"78":{"start":{"line":126,"column":20},"end":{"line":126,"column":32}},"79":{"start":{"line":127,"column":20},"end":{"line":127,"column":32}},"80":{"start":{"line":130,"column":12},"end":{"line":130,"column":25}},"81":{"start":{"line":135,"column":12},"end":{"line":137,"column":13}},"82":{"start":{"line":136,"column":16},"end":{"line":136,"column":29}},"83":{"start":{"line":138,"column":12},"end":{"line":138,"column":26}},"84":{"start":{"line":139,"column":12},"end":{"line":139,"column":30}},"85":{"start":{"line":140,"column":12},"end":{"line":140,"column":55}},"86":{"start":{"line":141,"column":12},"end":{"line":141,"column":42}},"87":{"start":{"line":142,"column":12},"end":{"line":149,"column":13}},"88":{"start":{"line":143,"column":16},"end":{"line":143,"column":38}},"89":{"start":{"line":144,"column":16},"end":{"line":144,"column":45}},"90":{"start":{"line":145,"column":16},"end":{"line":148,"column":17}},"91":{"start":{"line":146,"column":20},"end":{"line":146,"column":40}},"92":{"start":{"line":147,"column":20},"end":{"line":147,"column":45}},"93":{"start":{"line":150,"column":12},"end":{"line":150,"column":24}},"94":{"start":{"line":155,"column":12},"end":{"line":155,"column":28}},"95":{"start":{"line":156,"column":12},"end":{"line":156,"column":68}},"96":{"start":{"line":157,"column":12},"end":{"line":157,"column":42}},"97":{"start":{"line":158,"column":12},"end":{"line":158,"column":67}},"98":{"start":{"line":159,"column":12},"end":{"line":175,"column":13}},"99":{"start":{"line":160,"column":16},"end":{"line":160,"column":60}},"100":{"start":{"line":161,"column":16},"end":{"line":161,"column":47}},"101":{"start":{"line":162,"column":16},"end":{"line":163,"column":43}},"102":{"start":{"line":164,"column":16},"end":{"line":164,"column":31}},"103":{"start":{"line":165,"column":16},"end":{"line":165,"column":36}},"104":{"start":{"line":166,"column":16},"end":{"line":168,"column":17}},"105":{"start":{"line":167,"column":20},"end":{"line":167,"column":32}},"106":{"start":{"line":169,"column":16},"end":{"line":169,"column":29}},"107":{"start":{"line":170,"column":16},"end":{"line":170,"column":31}},"108":{"start":{"line":171,"column":16},"end":{"line":173,"column":17}},"109":{"start":{"line":172,"column":20},"end":{"line":172,"column":26}},"110":{"start":{"line":174,"column":16},"end":{"line":174,"column":100}},"111":{"start":{"line":176,"column":12},"end":{"line":176,"column":31}},"112":{"start":{"line":181,"column":12},"end":{"line":181,"column":43}},"113":{"start":{"line":182,"column":12},"end":{"line":182,"column":31}},"114":{"start":{"line":183,"column":12},"end":{"line":183,"column":33}},"115":{"start":{"line":184,"column":12},"end":{"line":184,"column":60}},"116":{"start":{"line":185,"column":12},"end":{"line":185,"column":66}},"117":{"start":{"line":186,"column":12},"end":{"line":188,"column":13}},"118":{"start":{"line":187,"column":16},"end":{"line":187,"column":59}},"119":{"start":{"line":189,"column":12},"end":{"line":189,"column":41}},"120":{"start":{"line":190,"column":12},"end":{"line":191,"column":43}},"121":{"start":{"line":192,"column":12},"end":{"line":197,"column":13}},"122":{"start":{"line":193,"column":16},"end":{"line":196,"column":17}},"123":{"start":{"line":194,"column":20},"end":{"line":194,"column":45}},"124":{"start":{"line":195,"column":20},"end":{"line":195,"column":50}},"125":{"start":{"line":198,"column":12},"end":{"line":198,"column":77}},"126":{"start":{"line":203,"column":12},"end":{"line":203,"column":41}},"127":{"start":{"line":204,"column":12},"end":{"line":204,"column":55}},"128":{"start":{"line":205,"column":12},"end":{"line":217,"column":13}},"129":{"start":{"line":206,"column":16},"end":{"line":206,"column":49}},"130":{"start":{"line":207,"column":16},"end":{"line":216,"column":17}},"131":{"start":{"line":208,"column":20},"end":{"line":208,"column":34}},"132":{"start":{"line":209,"column":20},"end":{"line":210,"column":44}},"133":{"start":{"line":211,"column":20},"end":{"line":215,"column":21}},"134":{"start":{"line":212,"column":24},"end":{"line":214,"column":25}},"135":{"start":{"line":213,"column":28},"end":{"line":213,"column":41}},"136":{"start":{"line":218,"column":12},"end":{"line":218,"column":24}},"137":{"start":{"line":223,"column":12},"end":{"line":223,"column":40}},"138":{"start":{"line":224,"column":12},"end":{"line":224,"column":62}},"139":{"start":{"line":225,"column":12},"end":{"line":241,"column":13}},"140":{"start":{"line":226,"column":16},"end":{"line":226,"column":51}},"141":{"start":{"line":227,"column":16},"end":{"line":227,"column":86}},"142":{"start":{"line":228,"column":16},"end":{"line":230,"column":17}},"143":{"start":{"line":229,"column":20},"end":{"line":229,"column":91}},"144":{"start":{"line":231,"column":16},"end":{"line":231,"column":47}},"145":{"start":{"line":232,"column":16},"end":{"line":234,"column":17}},"146":{"start":{"line":233,"column":20},"end":{"line":233,"column":67}},"147":{"start":{"line":235,"column":16},"end":{"line":239,"column":17}},"148":{"start":{"line":236,"column":20},"end":{"line":238,"column":21}},"149":{"start":{"line":237,"column":24},"end":{"line":237,"column":31}},"150":{"start":{"line":240,"column":16},"end":{"line":240,"column":81}},"151":{"start":{"line":246,"column":12},"end":{"line":248,"column":13}},"152":{"start":{"line":247,"column":16},"end":{"line":247,"column":29}},"153":{"start":{"line":249,"column":12},"end":{"line":249,"column":30}},"154":{"start":{"line":250,"column":12},"end":{"line":252,"column":13}},"155":{"start":{"line":251,"column":16},"end":{"line":251,"column":81}},"156":{"start":{"line":253,"column":12},"end":{"line":261,"column":13}},"157":{"start":{"line":254,"column":16},"end":{"line":254,"column":57}},"158":{"start":{"line":255,"column":16},"end":{"line":257,"column":17}},"159":{"start":{"line":256,"column":20},"end":{"line":256,"column":32}},"160":{"start":{"line":258,"column":16},"end":{"line":258,"column":32}},"161":{"start":{"line":259,"column":16},"end":{"line":259,"column":33}},"162":{"start":{"line":260,"column":16},"end":{"line":260,"column":52}},"163":{"start":{"line":266,"column":12},"end":{"line":266,"column":35}},"164":{"start":{"line":267,"column":12},"end":{"line":270,"column":13}},"165":{"start":{"line":268,"column":16},"end":{"line":268,"column":118}},"166":{"start":{"line":269,"column":16},"end":{"line":269,"column":49}},"167":{"start":{"line":271,"column":12},"end":{"line":271,"column":33}},"168":{"start":{"line":275,"column":4},"end":{"line":275,"column":21}},"169":{"start":{"line":278,"column":0},"end":{"line":278,"column":30}}},"branchMap":{"1":{"line":18,"type":"binary-expr","locations":[{"start":{"line":18,"column":168},"end":{"line":18,"column":189}},{"start":{"line":18,"column":193},"end":{"line":18,"column":198}}]},"2":{"line":18,"type":"if","locations":[{"start":{"line":18,"column":232},"end":{"line":18,"column":232}},{"start":{"line":18,"column":232},"end":{"line":18,"column":232}}]},"3":{"line":18,"type":"if","locations":[{"start":{"line":18,"column":407},"end":{"line":18,"column":407}},{"start":{"line":18,"column":407},"end":{"line":18,"column":407}}]},"4":{"line":18,"type":"if","locations":[{"start":{"line":18,"column":476},"end":{"line":18,"column":476}},{"start":{"line":18,"column":476},"end":{"line":18,"column":476}}]},"5":{"line":20,"type":"if","locations":[{"start":{"line":20,"column":50},"end":{"line":20,"column":50}},{"start":{"line":20,"column":50},"end":{"line":20,"column":50}}]},"6":{"line":72,"type":"if","locations":[{"start":{"line":72,"column":20},"end":{"line":72,"column":20}},{"start":{"line":72,"column":20},"end":{"line":72,"column":20}}]},"7":{"line":72,"type":"binary-expr","locations":[{"start":{"line":72,"column":24},"end":{"line":72,"column":40}},{"start":{"line":72,"column":44},"end":{"line":72,"column":62}}]},"8":{"line":92,"type":"if","locations":[{"start":{"line":92,"column":16},"end":{"line":92,"column":16}},{"start":{"line":92,"column":16},"end":{"line":92,"column":16}}]},"9":{"line":92,"type":"binary-expr","locations":[{"start":{"line":92,"column":20},"end":{"line":92,"column":36}},{"start":{"line":92,"column":40},"end":{"line":92,"column":61}}]},"10":{"line":109,"type":"if","locations":[{"start":{"line":109,"column":16},"end":{"line":109,"column":16}},{"start":{"line":109,"column":16},"end":{"line":109,"column":16}}]},"11":{"line":109,"type":"binary-expr","locations":[{"start":{"line":109,"column":20},"end":{"line":109,"column":36}},{"start":{"line":109,"column":40},"end":{"line":109,"column":61}}]},"12":{"line":122,"type":"if","locations":[{"start":{"line":122,"column":16},"end":{"line":122,"column":16}},{"start":{"line":122,"column":16},"end":{"line":122,"column":16}}]},"13":{"line":122,"type":"binary-expr","locations":[{"start":{"line":122,"column":20},"end":{"line":122,"column":36}},{"start":{"line":122,"column":40},"end":{"line":122,"column":61}}]},"14":{"line":135,"type":"if","locations":[{"start":{"line":135,"column":12},"end":{"line":135,"column":12}},{"start":{"line":135,"column":12},"end":{"line":135,"column":12}}]},"15":{"line":166,"type":"if","locations":[{"start":{"line":166,"column":16},"end":{"line":166,"column":16}},{"start":{"line":166,"column":16},"end":{"line":166,"column":16}}]},"16":{"line":166,"type":"binary-expr","locations":[{"start":{"line":166,"column":20},"end":{"line":166,"column":39}},{"start":{"line":166,"column":43},"end":{"line":166,"column":64}}]},"17":{"line":171,"type":"if","locations":[{"start":{"line":171,"column":16},"end":{"line":171,"column":16}},{"start":{"line":171,"column":16},"end":{"line":171,"column":16}}]},"18":{"line":211,"type":"if","locations":[{"start":{"line":211,"column":20},"end":{"line":211,"column":20}},{"start":{"line":211,"column":20},"end":{"line":211,"column":20}}]},"19":{"line":211,"type":"binary-expr","locations":[{"start":{"line":211,"column":24},"end":{"line":211,"column":33}},{"start":{"line":211,"column":37},"end":{"line":211,"column":47}}]},"20":{"line":212,"type":"if","locations":[{"start":{"line":212,"column":24},"end":{"line":212,"column":24}},{"start":{"line":212,"column":24},"end":{"line":212,"column":24}}]},"21":{"line":228,"type":"if","locations":[{"start":{"line":228,"column":16},"end":{"line":228,"column":16}},{"start":{"line":228,"column":16},"end":{"line":228,"column":16}}]},"22":{"line":232,"type":"if","locations":[{"start":{"line":232,"column":16},"end":{"line":232,"column":16}},{"start":{"line":232,"column":16},"end":{"line":232,"column":16}}]},"23":{"line":232,"type":"binary-expr","locations":[{"start":{"line":232,"column":20},"end":{"line":232,"column":48}},{"start":{"line":232,"column":52},"end":{"line":232,"column":79}}]},"24":{"line":236,"type":"if","locations":[{"start":{"line":236,"column":20},"end":{"line":236,"column":20}},{"start":{"line":236,"column":20},"end":{"line":236,"column":20}}]},"25":{"line":246,"type":"if","locations":[{"start":{"line":246,"column":12},"end":{"line":246,"column":12}},{"start":{"line":246,"column":12},"end":{"line":246,"column":12}}]},"26":{"line":250,"type":"if","locations":[{"start":{"line":250,"column":12},"end":{"line":250,"column":12}},{"start":{"line":250,"column":12},"end":{"line":250,"column":12}}]},"27":{"line":255,"type":"if","locations":[{"start":{"line":255,"column":16},"end":{"line":255,"column":16}},{"start":{"line":255,"column":16},"end":{"line":255,"column":16}}]}},"code":["/**"," * @license"," * Copyright 2016 Google Inc."," * Licensed under the Apache License, Version 2.0 (the \"License\");"," * you may not use this file except in compliance with the License."," * You may obtain a copy of the License at"," *"," *      http://www.apache.org/licenses/LICENSE-2.0"," *"," * Unless required by applicable law or agreed to in writing, software"," * distributed under the License is distributed on an \"AS IS\" BASIS,"," * WITHOUT WARRANTIES OR CONDITIONS OF ANY KIND, either express or implied."," * See the License for the specific language governing permissions and"," * limitations under the License."," */","\"use strict\";","","var _createClass = function () { function defineProperties(target, props) { for (var i = 0; i < props.length; i++) { var descriptor = props[i]; descriptor.enumerable = descriptor.enumerable || false; descriptor.configurable = true; if (\"value\" in descriptor) descriptor.writable = true; Object.defineProperty(target, descriptor.key, descriptor); } } return function (Constructor, protoProps, staticProps) { if (protoProps) defineProperties(Constructor.prototype, protoProps); if (staticProps) defineProperties(Constructor, staticProps); return Constructor; }; }();","","function _classCallCheck(instance, Constructor) { if (!(instance instanceof Constructor)) { throw new TypeError(\"Cannot call a class as a function\"); } }","","var hash_function_1 = require('neuroglancer/gpu_hash/hash_function');","exports.NUM_ALTERNATIVES = 3;","var DEFAULT_LOAD_FACTOR = 0.9;","","var HashTable = function () {","    function HashTable(hashFunctions = HashTable.generateHashFunctions(exports.NUM_ALTERNATIVES)) {","        _classCallCheck(this, HashTable);","","        this.loadFactor = DEFAULT_LOAD_FACTOR;","        this.size = 0;","        this.growFactor = 1.2;","        this.maxWidth = 4096;","        this.width = null;","        this.height = null;","        this.maxHeight = 8192;","        this.emptyLow = 4294967295;","        this.emptyHigh = 4294967295;","        this.maxRehashAttempts = 5;","        this.maxAttempts = 5;","        this.generation = 0;","        this.hashFunctions = hashFunctions;","        this.allocate(4, 1);","    }","","    _createClass(HashTable, [{","        key: 'updateHashFunctions',","        value: function updateHashFunctions(numAlternatives) {","            this.hashFunctions = HashTable.generateHashFunctions(numAlternatives);","        }","    }, {","        key: 'getHash',","        value: function getHash(tableIndex, low, high) {","            var hashes = this.hashFunctions[tableIndex];","            var width = this.width,","                height = this.height;","            var x = hashes[0].compute(low, high) % width;","            var y = hashes[1].compute(low, high) % height;","            return 2 * (y * this.width + x);","        }","    }, {","        key: Symbol.iterator,","        value: function* () {","            var tableSize = this.width * this.height;","            var emptyLow = this.emptyLow,","                emptyHigh = this.emptyHigh;","            var temp = [0, 0];","            for (var table of this.tables) {","                for (var i = 0; i < tableSize; ++i) {","                    var low = table[2 * i],","                        high = table[2 * i + 1];","                    if (low !== emptyLow || high !== emptyHigh) {","                        temp[0] = low;","                        temp[1] = high;","                        yield temp;","                    }","                }","            }","        }","        /**","         * Returns the index of the table containing the specified element, or null if the element is not","         * present.","         */","","    }, {","        key: 'hasWithTableIndex',","        value: function hasWithTableIndex(low, high) {","            var numTables = this.tables.length;","            for (var i = 0; i < numTables; ++i) {","                var h = this.getHash(i, low, high);","                var table = this.tables[i];","                if (table[h] === low && table[h + 1] === high) {","                    return i;","                }","            }","            return null;","        }","        /**","         * Returns true iff the specified element is present.","         */","","    }, {","        key: 'has',","        value: function has(low, high) {","            var numTables = this.tables.length;","            for (var i = 0; i < numTables; ++i) {","                var h = this.getHash(i, low, high);","                var table = this.tables[i];","                if (table[h] === low && table[h + 1] === high) {","                    return true;","                }","            }","            return false;","        }","    }, {","        key: 'delete',","        value: function _delete(low, high) {","            var numTables = this.tables.length;","            for (var i = 0; i < numTables; ++i) {","                var h = this.getHash(i, low, high);","                var table = this.tables[i];","                if (table[h] === low && table[h + 1] === high) {","                    table[h] = this.emptyLow;","                    table[h + 1] = this.emptyHigh;","                    ++this.generation;","                    this.size--;","                    return true;","                }","            }","            return false;","        }","    }, {","        key: 'clear',","        value: function clear() {","            if (this.size === 0) {","                return false;","            }","            this.size = 0;","            ++this.generation;","            var { tables, emptyLow, emptyHigh } = this;","            var numTables = tables.length;","            for (var i = 0; i < numTables; ++i) {","                var table = tables[i];","                var tableSize = table.length;","                for (var j = 0; j < tableSize; j += 2) {","                    table[j] = emptyLow;","                    table[j + 1] = emptyHigh;","                }","            }","            return true;","        }","    }, {","        key: 'tryToInsert',","        value: function tryToInsert(low, high) {","            var attempt = 0;","            var { emptyLow, emptyHigh, maxAttempts, tables } = this;","            var numTables = tables.length;","            var tableIndex = Math.floor(Math.random() * numTables);","            while (true) {","                var h = this.getHash(tableIndex, low, high);","                var table = tables[tableIndex];","                var newLow = table[h],","                    newHigh = table[h + 1];","                table[h] = low;","                table[h + 1] = high;","                if (newLow === emptyLow && newHigh === emptyHigh) {","                    return null;","                }","                low = newLow;","                high = newHigh;","                if (++attempt === maxAttempts) {","                    break;","                }","                tableIndex = (tableIndex + Math.floor(Math.random() * (numTables - 1))) % numTables;","            }","            return [low, high];","        }","    }, {","        key: 'allocate',","        value: function allocate(width, height) {","            var tableSize = width * height;","            this.width = width;","            this.height = height;","            var numAlternatives = this.hashFunctions.length;","            var tables = this.tables = new Array(numAlternatives);","            for (var i = 0; i < numAlternatives; ++i) {","                tables[i] = new Uint32Array(tableSize * 2);","            }","            this.maxAttempts = tableSize;","            var emptyLow = this.emptyLow,","                emptyHigh = this.emptyHigh;","            for (var table of tables) {","                for (var _i = 0; _i < tableSize; ++_i) {","                    table[2 * _i] = emptyLow;","                    table[2 * _i + 1] = emptyHigh;","                }","            }","            this.capacity = tableSize * this.tables.length * this.loadFactor;","        }","    }, {","        key: 'rehash',","        value: function rehash(oldTables, width, height) {","            this.allocate(width, height);","            this.updateHashFunctions(oldTables.length);","            for (var table of oldTables) {","                var tableSize = table.length / 2;","                for (var i = 0; i < tableSize; ++i) {","                    var h = 2 * i;","                    var low = table[h],","                        high = table[h + 1];","                    if (low !== 0 || high !== 0) {","                        if (this.tryToInsert(low, high) !== null) {","                            return false;","                        }","                    }","                }","            }","            return true;","        }","    }, {","        key: 'grow',","        value: function grow(desiredTableSize) {","            var oldTables = this.tables;","            var { width, height, maxWidth, maxHeight } = this;","            while (true) {","                var origTableSize = width * height;","                width = Math.min(maxWidth, Math.ceil(desiredTableSize / this.height));","                if (width * height < desiredTableSize) {","                    height = Math.min(maxHeight, Math.ceil(desiredTableSize / this.width));","                }","                var tableSize = width * height;","                if (tableSize < desiredTableSize && tableSize === origTableSize) {","                    throw new Error('Maximum table size exceeded');","                }","                for (var rehashAttempt = 0; rehashAttempt < this.maxRehashAttempts; ++rehashAttempt) {","                    if (this.rehash(oldTables, width, height)) {","                        return;","                    }","                }","                desiredTableSize = Math.ceil(this.growFactor * desiredTableSize);","            }","        }","    }, {","        key: 'add',","        value: function add(low, high) {","            if (this.has(low, high)) {","                return false;","            }","            ++this.generation;","            if (++this.size > this.capacity) {","                this.grow(Math.ceil(this.growFactor * this.width * this.height));","            }","            while (true) {","                var result = this.tryToInsert(low, high);","                if (result == null) {","                    return true;","                }","                low = result[0];","                high = result[1];","                this.grow(this.width * this.height);","            }","        }","    }], [{","        key: 'generateHashFunctions',","        value: function generateHashFunctions(numAlternatives = exports.NUM_ALTERNATIVES) {","            var hashFunctions = [];","            for (var alt = 0; alt < numAlternatives; ++alt) {","                var curFunctions = [hash_function_1.HashFunction.generate(), hash_function_1.HashFunction.generate()];","                hashFunctions.push(curFunctions);","            }","            return hashFunctions;","        }","    }]);","","    return HashTable;","}();","","exports.HashTable = HashTable;",";"],"l":{"18":13,"20":23,"22":1,"23":1,"24":1,"26":1,"27":1,"28":23,"30":23,"31":23,"32":23,"33":23,"34":23,"35":23,"36":23,"37":23,"38":23,"39":23,"40":23,"41":23,"42":23,"43":23,"46":1,"49":204,"54":39775,"55":39775,"57":39775,"58":39775,"59":39775,"64":100,"65":100,"67":100,"68":100,"69":300,"70":6432,"72":6432,"73":5050,"74":5050,"75":5050,"88":100,"89":100,"90":202,"91":202,"92":202,"93":100,"96":0,"105":5750,"106":5750,"107":12128,"108":12128,"109":12128,"110":5150,"113":600,"118":0,"119":0,"120":0,"121":0,"122":0,"123":0,"124":0,"125":0,"126":0,"127":0,"130":0,"135":0,"136":0,"138":0,"139":0,"140":0,"141":0,"142":0,"143":0,"144":0,"145":0,"146":0,"147":0,"150":0,"155":9546,"156":9546,"157":9546,"158":9546,"159":9546,"160":26845,"161":26845,"162":26845,"164":26845,"165":26845,"166":26845,"167":9349,"169":17496,"170":17496,"171":17496,"172":197,"174":17299,"176":197,"181":227,"182":227,"183":227,"184":227,"185":227,"186":227,"187":681,"189":227,"190":227,"192":227,"193":681,"194":10941,"195":10941,"198":227,"203":204,"204":204,"205":204,"206":584,"207":584,"208":9289,"209":9289,"211":9289,"212":9289,"213":140,"218":64,"223":64,"224":64,"225":64,"226":79,"227":79,"228":79,"229":0,"231":79,"232":79,"233":0,"235":79,"236":204,"237":64,"240":15,"246":200,"247":0,"249":200,"250":200,"251":7,"253":200,"254":257,"255":257,"256":200,"258":57,"259":57,"260":57,"266":227,"267":227,"268":681,"269":681,"271":227,"275":1,"278":1}},
"/home/jbms/shared/neuroglancer/src/neuroglancer/gpu_hash/hash_function.ts":{"path":"/home/jbms/shared/neuroglancer/src/neuroglancer/gpu_hash/hash_function.ts","s":{"1":1,"2":1,"3":2,"4":4,"5":4,"6":4,"7":4,"8":4,"9":4,"10":1,"11":1,"12":1,"13":1,"14":1,"15":1,"16":1,"17":1362,"18":0,"19":1,"20":1,"21":1,"22":1362,"23":1362,"24":1362,"25":1362,"26":1362,"27":1,"28":82150,"29":82150,"30":82150,"31":82150,"32":80150,"33":80150,"34":80150,"35":80150,"36":80150,"37":0,"38":1,"39":13620,"40":1,"41":2724,"42":1362,"43":1,"44":1},"b":{"1":[4,4],"2":[4,0],"3":[1,0],"4":[1,0],"5":[0,1362]},"f":{"1":1,"2":2,"3":1,"4":1362,"5":1,"6":1362,"7":82150,"8":80150,"9":0,"10":1362,"11":13620,"12":2724},"fnMap":{"1":{"name":"(anonymous_1)","line":18,"loc":{"start":{"line":18,"column":19},"end":{"line":18,"column":31}}},"2":{"name":"defineProperties","line":18,"loc":{"start":{"line":18,"column":33},"end":{"line":18,"column":74}}},"3":{"name":"(anonymous_3)","line":18,"loc":{"start":{"line":18,"column":357},"end":{"line":18,"column":405}}},"4":{"name":"_classCallCheck","line":20,"loc":{"start":{"line":20,"column":0},"end":{"line":20,"column":48}}},"5":{"name":"(anonymous_5)","line":24,"loc":{"start":{"line":24,"column":19},"end":{"line":24,"column":31}}},"6":{"name":"HashFunction","line":25,"loc":{"start":{"line":25,"column":4},"end":{"line":25,"column":40}}},"7":{"name":"computeDotProduct","line":36,"loc":{"start":{"line":36,"column":15},"end":{"line":36,"column":53}}},"8":{"name":"compute","line":44,"loc":{"start":{"line":44,"column":15},"end":{"line":44,"column":43}}},"9":{"name":"toString","line":53,"loc":{"start":{"line":53,"column":15},"end":{"line":53,"column":35}}},"10":{"name":"generate","line":58,"loc":{"start":{"line":58,"column":15},"end":{"line":58,"column":35}}},"11":{"name":"genCoeff","line":59,"loc":{"start":{"line":59,"column":12},"end":{"line":59,"column":32}}},"12":{"name":"genVector","line":62,"loc":{"start":{"line":62,"column":12},"end":{"line":62,"column":33}}}},"statementMap":{"1":{"start":{"line":18,"column":0},"end":{"line":18,"column":564}},"2":{"start":{"line":18,"column":33},"end":{"line":18,"column":349}},"3":{"start":{"line":18,"column":76},"end":{"line":18,"column":347}},"4":{"start":{"line":18,"column":117},"end":{"line":18,"column":143}},"5":{"start":{"line":18,"column":144},"end":{"line":18,"column":199}},"6":{"start":{"line":18,"column":200},"end":{"line":18,"column":231}},"7":{"start":{"line":18,"column":232},"end":{"line":18,"column":286}},"8":{"start":{"line":18,"column":259},"end":{"line":18,"column":286}},"9":{"start":{"line":18,"column":287},"end":{"line":18,"column":345}},"10":{"start":{"line":18,"column":350},"end":{"line":18,"column":559}},"11":{"start":{"line":18,"column":407},"end":{"line":18,"column":475}},"12":{"start":{"line":18,"column":423},"end":{"line":18,"column":475}},"13":{"start":{"line":18,"column":476},"end":{"line":18,"column":536}},"14":{"start":{"line":18,"column":493},"end":{"line":18,"column":536}},"15":{"start":{"line":18,"column":537},"end":{"line":18,"column":556}},"16":{"start":{"line":20,"column":0},"end":{"line":20,"column":153}},"17":{"start":{"line":20,"column":50},"end":{"line":20,"column":151}},"18":{"start":{"line":20,"column":92},"end":{"line":20,"column":149}},"19":{"start":{"line":22,"column":0},"end":{"line":22,"column":29}},"20":{"start":{"line":24,"column":0},"end":{"line":70,"column":4}},"21":{"start":{"line":25,"column":4},"end":{"line":32,"column":5}},"22":{"start":{"line":26,"column":8},"end":{"line":26,"column":44}},"23":{"start":{"line":28,"column":8},"end":{"line":28,"column":21}},"24":{"start":{"line":29,"column":8},"end":{"line":29,"column":21}},"25":{"start":{"line":30,"column":8},"end":{"line":30,"column":19}},"26":{"start":{"line":31,"column":8},"end":{"line":31,"column":19}},"27":{"start":{"line":34,"column":4},"end":{"line":67,"column":8}},"28":{"start":{"line":37,"column":12},"end":{"line":37,"column":34}},"29":{"start":{"line":38,"column":12},"end":{"line":38,"column":134}},"30":{"start":{"line":39,"column":12},"end":{"line":39,"column":139}},"31":{"start":{"line":40,"column":12},"end":{"line":40,"column":40}},"32":{"start":{"line":45,"column":12},"end":{"line":45,"column":32}},"33":{"start":{"line":46,"column":12},"end":{"line":46,"column":54}},"34":{"start":{"line":47,"column":12},"end":{"line":47,"column":51}},"35":{"start":{"line":48,"column":12},"end":{"line":48,"column":66}},"36":{"start":{"line":49,"column":12},"end":{"line":49,"column":26}},"37":{"start":{"line":54,"column":12},"end":{"line":54,"column":126}},"38":{"start":{"line":59,"column":12},"end":{"line":61,"column":13}},"39":{"start":{"line":60,"column":16},"end":{"line":60,"column":73}},"40":{"start":{"line":62,"column":12},"end":{"line":64,"column":13}},"41":{"start":{"line":63,"column":16},"end":{"line":63,"column":87}},"42":{"start":{"line":65,"column":12},"end":{"line":65,"column":86}},"43":{"start":{"line":69,"column":4},"end":{"line":69,"column":24}},"44":{"start":{"line":72,"column":0},"end":{"line":72,"column":36}}},"branchMap":{"1":{"line":18,"type":"binary-expr","locations":[{"start":{"line":18,"column":168},"end":{"line":18,"column":189}},{"start":{"line":18,"column":193},"end":{"line":18,"column":198}}]},"2":{"line":18,"type":"if","locations":[{"start":{"line":18,"column":232},"end":{"line":18,"column":232}},{"start":{"line":18,"column":232},"end":{"line":18,"column":232}}]},"3":{"line":18,"type":"if","locations":[{"start":{"line":18,"column":407},"end":{"line":18,"column":407}},{"start":{"line":18,"column":407},"end":{"line":18,"column":407}}]},"4":{"line":18,"type":"if","locations":[{"start":{"line":18,"column":476},"end":{"line":18,"column":476}},{"start":{"line":18,"column":476},"end":{"line":18,"column":476}}]},"5":{"line":20,"type":"if","locations":[{"start":{"line":20,"column":50},"end":{"line":20,"column":50}},{"start":{"line":20,"column":50},"end":{"line":20,"column":50}}]}},"code":["/**"," * @license"," * Copyright 2016 Google Inc."," * Licensed under the Apache License, Version 2.0 (the \"License\");"," * you may not use this file except in compliance with the License."," * You may obtain a copy of the License at"," *"," *      http://www.apache.org/licenses/LICENSE-2.0"," *"," * Unless required by applicable law or agreed to in writing, software"," * distributed under the License is distributed on an \"AS IS\" BASIS,"," * WITHOUT WARRANTIES OR CONDITIONS OF ANY KIND, either express or implied."," * See the License for the specific language governing permissions and"," * limitations under the License."," */","\"use strict\";","","var _createClass = function () { function defineProperties(target, props) { for (var i = 0; i < props.length; i++) { var descriptor = props[i]; descriptor.enumerable = descriptor.enumerable || false; descriptor.configurable = true; if (\"value\" in descriptor) descriptor.writable = true; Object.defineProperty(target, descriptor.key, descriptor); } } return function (Constructor, protoProps, staticProps) { if (protoProps) defineProperties(Constructor.prototype, protoProps); if (staticProps) defineProperties(Constructor, staticProps); return Constructor; }; }();","","function _classCallCheck(instance, Constructor) { if (!(instance instanceof Constructor)) { throw new TypeError(\"Cannot call a class as a function\"); } }","","exports.PRIME_MODULUS = 4093;","","var HashFunction = function () {","    function HashFunction(a0, a1, b, c) {","        _classCallCheck(this, HashFunction);","","        this.a0 = a0;","        this.a1 = a1;","        this.b = b;","        this.c = c;","    }","","    _createClass(HashFunction, [{","        key: \"computeDotProduct\",","        value: function computeDotProduct(low, high) {","            var { a0, a1 } = this;","            var a0DotLow = a0[0] * (low & 0xFF) + a0[1] * (low >> 8 & 0xFF) + a0[2] * (low >> 16 & 0xFF) + a0[3] * (low >> 24 & 0xFF);","            var a1DotHigh = a1[0] * (high & 0xFF) + a1[1] * (high >> 8 & 0xFF) + a1[2] * (high >> 16 & 0xFF) + a1[3] * (high >> 24 & 0xFF);","            return a0DotLow + a1DotHigh;","        }","    }, {","        key: \"compute\",","        value: function compute(low, high) {","            var { b, c } = this;","            var x = this.computeDotProduct(low, high);","            var x2 = x * x % exports.PRIME_MODULUS;","            var result = (x + x2 * c + b) % exports.PRIME_MODULUS;","            return result;","        }","    }, {","        key: \"toString\",","        value: function toString() {","            return `new HashFunction(Float32Array.of(${ this.a0 }), Float32Array.of(${ this.a1 }), ${ this.b }, ${ this.c })`;","        }","    }], [{","        key: \"generate\",","        value: function generate() {","            function genCoeff() {","                return Math.floor(Math.random() * exports.PRIME_MODULUS);","            }","            function genVector() {","                return Float32Array.of(genCoeff(), genCoeff(), genCoeff(), genCoeff());","            }","            return new HashFunction(genVector(), genVector(), genCoeff(), genCoeff());","        }","    }]);","","    return HashFunction;","}();","","exports.HashFunction = HashFunction;",";"],"l":{"18":4,"20":1362,"22":1,"24":1,"25":1,"26":1362,"28":1362,"29":1362,"30":1362,"31":1362,"34":1,"37":82150,"38":82150,"39":82150,"40":82150,"45":80150,"46":80150,"47":80150,"48":80150,"49":80150,"54":0,"59":1,"60":13620,"62":1,"63":2724,"65":1362,"69":1,"72":1}},
"/home/jbms/shared/neuroglancer/src/neuroglancer/webgl/shader_testing.ts":{"path":"/home/jbms/shared/neuroglancer/src/neuroglancer/webgl/shader_testing.ts","s":{"1":1,"2":1,"3":1,"4":6,"5":6,"6":6,"7":6,"8":6,"9":6,"10":1,"11":1,"12":1,"13":1,"14":0,"15":1,"16":1,"17":6,"18":0,"19":1,"20":6,"21":0,"22":6,"23":1,"24":1,"25":0,"26":1,"27":1,"28":1,"29":1,"30":1,"31":1,"32":1,"33":1,"34":1,"35":1,"36":1,"37":1,"38":1,"39":6,"40":6,"41":6,"42":6,"43":6,"44":6,"45":6,"46":6,"47":6,"48":6,"49":6,"50":6,"51":6,"52":1,"53":6,"54":2518,"55":2518,"56":2518,"57":2518,"58":2518,"59":2518,"60":2518,"61":2518,"62":2518,"63":2518,"64":2518,"65":14218,"66":1,"67":1,"68":12711,"69":12711,"70":12711,"71":1200,"72":1200,"73":1,"74":1,"75":1,"76":6,"77":6,"78":6,"79":6,"80":6,"81":1},"b":{"1":[6,6],"2":[6,0],"3":[1,0],"4":[0,1],"5":[0,6],"6":[0,6],"7":[0,6],"8":[6,0,0],"9":[0,1],"10":[1,0],"11":[1,1],"12":[1,0],"13":[1,0]},"f":{"1":1,"2":1,"3":1,"4":6,"5":6,"6":1,"7":1,"8":6,"9":6,"10":2518,"11":14218,"12":1,"13":12711,"14":1200,"15":6},"fnMap":{"1":{"name":"(anonymous_1)","line":18,"loc":{"start":{"line":18,"column":19},"end":{"line":18,"column":31}}},"2":{"name":"defineProperties","line":18,"loc":{"start":{"line":18,"column":33},"end":{"line":18,"column":74}}},"3":{"name":"(anonymous_3)","line":18,"loc":{"start":{"line":18,"column":357},"end":{"line":18,"column":405}}},"4":{"name":"_classCallCheck","line":20,"loc":{"start":{"line":20,"column":0},"end":{"line":20,"column":48}}},"5":{"name":"_possibleConstructorReturn","line":22,"loc":{"start":{"line":22,"column":0},"end":{"line":22,"column":48}}},"6":{"name":"_inherits","line":24,"loc":{"start":{"line":24,"column":0},"end":{"line":24,"column":41}}},"7":{"name":"(anonymous_7)","line":34,"loc":{"start":{"line":34,"column":27},"end":{"line":34,"column":60}}},"8":{"name":"FragmentShaderTester","line":37,"loc":{"start":{"line":37,"column":4},"end":{"line":37,"column":50}}},"9":{"name":"build","line":57,"loc":{"start":{"line":57,"column":15},"end":{"line":57,"column":32}}},"10":{"name":"execute","line":62,"loc":{"start":{"line":62,"column":15},"end":{"line":62,"column":34}}},"11":{"name":"readBytes","line":77,"loc":{"start":{"line":77,"column":15},"end":{"line":77,"column":45}}},"12":{"name":"readVec4","line":82,"loc":{"start":{"line":82,"column":15},"end":{"line":82,"column":40}}},"13":{"name":"readFloat","line":88,"loc":{"start":{"line":88,"column":15},"end":{"line":88,"column":41}}},"14":{"name":"readUint32","line":99,"loc":{"start":{"line":99,"column":15},"end":{"line":99,"column":42}}},"15":{"name":"fragmentShaderTest","line":110,"loc":{"start":{"line":110,"column":0},"end":{"line":110,"column":43}}}},"statementMap":{"1":{"start":{"line":18,"column":0},"end":{"line":18,"column":564}},"2":{"start":{"line":18,"column":33},"end":{"line":18,"column":349}},"3":{"start":{"line":18,"column":76},"end":{"line":18,"column":347}},"4":{"start":{"line":18,"column":117},"end":{"line":18,"column":143}},"5":{"start":{"line":18,"column":144},"end":{"line":18,"column":199}},"6":{"start":{"line":18,"column":200},"end":{"line":18,"column":231}},"7":{"start":{"line":18,"column":232},"end":{"line":18,"column":286}},"8":{"start":{"line":18,"column":259},"end":{"line":18,"column":286}},"9":{"start":{"line":18,"column":287},"end":{"line":18,"column":345}},"10":{"start":{"line":18,"column":350},"end":{"line":18,"column":559}},"11":{"start":{"line":18,"column":407},"end":{"line":18,"column":475}},"12":{"start":{"line":18,"column":423},"end":{"line":18,"column":475}},"13":{"start":{"line":18,"column":476},"end":{"line":18,"column":536}},"14":{"start":{"line":18,"column":493},"end":{"line":18,"column":536}},"15":{"start":{"line":18,"column":537},"end":{"line":18,"column":556}},"16":{"start":{"line":20,"column":0},"end":{"line":20,"column":153}},"17":{"start":{"line":20,"column":50},"end":{"line":20,"column":151}},"18":{"start":{"line":20,"column":92},"end":{"line":20,"column":149}},"19":{"start":{"line":22,"column":0},"end":{"line":22,"column":240}},"20":{"start":{"line":22,"column":50},"end":{"line":22,"column":151}},"21":{"start":{"line":22,"column":63},"end":{"line":22,"column":149}},"22":{"start":{"line":22,"column":152},"end":{"line":22,"column":238}},"23":{"start":{"line":24,"column":0},"end":{"line":24,"column":494}},"24":{"start":{"line":24,"column":43},"end":{"line":24,"column":208}},"25":{"start":{"line":24,"column":106},"end":{"line":24,"column":206}},"26":{"start":{"line":24,"column":209},"end":{"line":24,"column":373}},"27":{"start":{"line":24,"column":374},"end":{"line":24,"column":492}},"28":{"start":{"line":24,"column":390},"end":{"line":24,"column":492}},"29":{"start":{"line":26,"column":0},"end":{"line":26,"column":52}},"30":{"start":{"line":27,"column":0},"end":{"line":27,"column":59}},"31":{"start":{"line":28,"column":0},"end":{"line":28,"column":52}},"32":{"start":{"line":29,"column":0},"end":{"line":29,"column":58}},"33":{"start":{"line":30,"column":0},"end":{"line":30,"column":60}},"34":{"start":{"line":31,"column":0},"end":{"line":31,"column":47}},"35":{"start":{"line":32,"column":0},"end":{"line":32,"column":54}},"36":{"start":{"line":34,"column":0},"end":{"line":106,"column":27}},"37":{"start":{"line":35,"column":4},"end":{"line":35,"column":59}},"38":{"start":{"line":37,"column":4},"end":{"line":53,"column":5}},"39":{"start":{"line":38,"column":8},"end":{"line":38,"column":52}},"40":{"start":{"line":40,"column":8},"end":{"line":40,"column":109}},"41":{"start":{"line":42,"column":8},"end":{"line":42,"column":22}},"42":{"start":{"line":43,"column":8},"end":{"line":43,"column":38}},"43":{"start":{"line":44,"column":8},"end":{"line":44,"column":61}},"44":{"start":{"line":45,"column":8},"end":{"line":45,"column":122}},"45":{"start":{"line":46,"column":8},"end":{"line":46,"column":218}},"46":{"start":{"line":47,"column":8},"end":{"line":47,"column":32}},"47":{"start":{"line":48,"column":8},"end":{"line":48,"column":60}},"48":{"start":{"line":49,"column":8},"end":{"line":49,"column":56}},"49":{"start":{"line":50,"column":8},"end":{"line":50,"column":64}},"50":{"start":{"line":51,"column":8},"end":{"line":51,"column":66}},"51":{"start":{"line":52,"column":8},"end":{"line":52,"column":21}},"52":{"start":{"line":55,"column":4},"end":{"line":103,"column":8}},"53":{"start":{"line":58,"column":12},"end":{"line":58,"column":47}},"54":{"start":{"line":63,"column":12},"end":{"line":63,"column":49}},"55":{"start":{"line":64,"column":12},"end":{"line":64,"column":38}},"56":{"start":{"line":65,"column":12},"end":{"line":65,"column":40}},"57":{"start":{"line":66,"column":12},"end":{"line":66,"column":40}},"58":{"start":{"line":67,"column":12},"end":{"line":67,"column":38}},"59":{"start":{"line":68,"column":12},"end":{"line":68,"column":33}},"60":{"start":{"line":69,"column":12},"end":{"line":69,"column":70}},"61":{"start":{"line":70,"column":12},"end":{"line":70,"column":78}},"62":{"start":{"line":71,"column":12},"end":{"line":71,"column":49}},"63":{"start":{"line":72,"column":12},"end":{"line":72,"column":57}},"64":{"start":{"line":73,"column":12},"end":{"line":73,"column":47}},"65":{"start":{"line":78,"column":12},"end":{"line":78,"column":68}},"66":{"start":{"line":83,"column":12},"end":{"line":83,"column":42}},"67":{"start":{"line":84,"column":12},"end":{"line":84,"column":90}},"68":{"start":{"line":89,"column":12},"end":{"line":89,"column":46}},"69":{"start":{"line":90,"column":12},"end":{"line":90,"column":60}},"70":{"start":{"line":91,"column":12},"end":{"line":91,"column":65}},"71":{"start":{"line":100,"column":12},"end":{"line":100,"column":46}},"72":{"start":{"line":101,"column":12},"end":{"line":101,"column":52}},"73":{"start":{"line":105,"column":4},"end":{"line":105,"column":32}},"74":{"start":{"line":108,"column":0},"end":{"line":108,"column":52}},"75":{"start":{"line":110,"column":0},"end":{"line":119,"column":1}},"76":{"start":{"line":111,"column":4},"end":{"line":118,"column":7}},"77":{"start":{"line":112,"column":8},"end":{"line":112,"column":62}},"78":{"start":{"line":113,"column":8},"end":{"line":117,"column":9}},"79":{"start":{"line":114,"column":12},"end":{"line":114,"column":22}},"80":{"start":{"line":116,"column":12},"end":{"line":116,"column":29}},"81":{"start":{"line":120,"column":0},"end":{"line":120,"column":48}}},"branchMap":{"1":{"line":18,"type":"binary-expr","locations":[{"start":{"line":18,"column":168},"end":{"line":18,"column":189}},{"start":{"line":18,"column":193},"end":{"line":18,"column":198}}]},"2":{"line":18,"type":"if","locations":[{"start":{"line":18,"column":232},"end":{"line":18,"column":232}},{"start":{"line":18,"column":232},"end":{"line":18,"column":232}}]},"3":{"line":18,"type":"if","locations":[{"start":{"line":18,"column":407},"end":{"line":18,"column":407}},{"start":{"line":18,"column":407},"end":{"line":18,"column":407}}]},"4":{"line":18,"type":"if","locations":[{"start":{"line":18,"column":476},"end":{"line":18,"column":476}},{"start":{"line":18,"column":476},"end":{"line":18,"column":476}}]},"5":{"line":20,"type":"if","locations":[{"start":{"line":20,"column":50},"end":{"line":20,"column":50}},{"start":{"line":20,"column":50},"end":{"line":20,"column":50}}]},"6":{"line":22,"type":"if","locations":[{"start":{"line":22,"column":50},"end":{"line":22,"column":50}},{"start":{"line":22,"column":50},"end":{"line":22,"column":50}}]},"7":{"line":22,"type":"cond-expr","locations":[{"start":{"line":22,"column":226},"end":{"line":22,"column":230}},{"start":{"line":22,"column":233},"end":{"line":22,"column":237}}]},"8":{"line":22,"type":"binary-expr","locations":[{"start":{"line":22,"column":159},"end":{"line":22,"column":163}},{"start":{"line":22,"column":168},"end":{"line":22,"column":192}},{"start":{"line":22,"column":196},"end":{"line":22,"column":222}}]},"9":{"line":24,"type":"if","locations":[{"start":{"line":24,"column":43},"end":{"line":24,"column":43}},{"start":{"line":24,"column":43},"end":{"line":24,"column":43}}]},"10":{"line":24,"type":"binary-expr","locations":[{"start":{"line":24,"column":47},"end":{"line":24,"column":79}},{"start":{"line":24,"column":83},"end":{"line":24,"column":102}}]},"11":{"line":24,"type":"binary-expr","locations":[{"start":{"line":24,"column":244},"end":{"line":24,"column":254}},{"start":{"line":24,"column":258},"end":{"line":24,"column":278}}]},"12":{"line":24,"type":"if","locations":[{"start":{"line":24,"column":374},"end":{"line":24,"column":374}},{"start":{"line":24,"column":374},"end":{"line":24,"column":374}}]},"13":{"line":24,"type":"cond-expr","locations":[{"start":{"line":24,"column":414},"end":{"line":24,"column":457}},{"start":{"line":24,"column":460},"end":{"line":24,"column":491}}]}},"code":["/**"," * @license"," * Copyright 2016 Google Inc."," * Licensed under the Apache License, Version 2.0 (the \"License\");"," * you may not use this file except in compliance with the License."," * You may obtain a copy of the License at"," *"," *      http://www.apache.org/licenses/LICENSE-2.0"," *"," * Unless required by applicable law or agreed to in writing, software"," * distributed under the License is distributed on an \"AS IS\" BASIS,"," * WITHOUT WARRANTIES OR CONDITIONS OF ANY KIND, either express or implied."," * See the License for the specific language governing permissions and"," * limitations under the License."," */","\"use strict\";","","var _createClass = function () { function defineProperties(target, props) { for (var i = 0; i < props.length; i++) { var descriptor = props[i]; descriptor.enumerable = descriptor.enumerable || false; descriptor.configurable = true; if (\"value\" in descriptor) descriptor.writable = true; Object.defineProperty(target, descriptor.key, descriptor); } } return function (Constructor, protoProps, staticProps) { if (protoProps) defineProperties(Constructor.prototype, protoProps); if (staticProps) defineProperties(Constructor, staticProps); return Constructor; }; }();","","function _classCallCheck(instance, Constructor) { if (!(instance instanceof Constructor)) { throw new TypeError(\"Cannot call a class as a function\"); } }","","function _possibleConstructorReturn(self, call) { if (!self) { throw new ReferenceError(\"this hasn't been initialised - super() hasn't been called\"); } return call && (typeof call === \"object\" || typeof call === \"function\") ? call : self; }","","function _inherits(subClass, superClass) { if (typeof superClass !== \"function\" && superClass !== null) { throw new TypeError(\"Super expression must either be null or a function, not \" + typeof superClass); } subClass.prototype = Object.create(superClass && superClass.prototype, { constructor: { value: subClass, enumerable: false, writable: true, configurable: true } }); if (superClass) Object.setPrototypeOf ? Object.setPrototypeOf(subClass, superClass) : subClass.__proto__ = superClass; }","","var shader_1 = require('neuroglancer/webgl/shader');","var disposable_1 = require('neuroglancer/util/disposable');","var buffer_1 = require('neuroglancer/webgl/buffer');","var offscreen_1 = require('neuroglancer/webgl/offscreen');","var shader_lib_1 = require('neuroglancer/webgl/shader_lib');","var geom_1 = require('neuroglancer/util/geom');","var testing_1 = require('neuroglancer/webgl/testing');","","var FragmentShaderTester = function (_disposable_1$RefCoun) {","    _inherits(FragmentShaderTester, _disposable_1$RefCoun);","","    function FragmentShaderTester(gl, numOutputs) {","        _classCallCheck(this, FragmentShaderTester);","","        var _this = _possibleConstructorReturn(this, Object.getPrototypeOf(FragmentShaderTester).call(this));","","        _this.gl = gl;","        _this.numOutputs = numOutputs;","        _this.builder = new shader_1.ShaderBuilder(_this.gl);","        _this.offscreenFramebuffer = new offscreen_1.OffscreenFramebuffer(_this.gl, { numDataBuffers: _this.numOutputs });","        _this.vertexPositionsBuffer = _this.registerDisposer(buffer_1.Buffer.fromData(_this.gl, new Float32Array([-1, -1, 0, 1, -1, +1, 0, 1, +1, +1, 0, 1, +1, -1, 0, 1]), _this.gl.ARRAY_BUFFER, _this.gl.STATIC_DRAW));","        var { builder } = _this;","        builder.addFragmentExtension('GL_EXT_draw_buffers');","        builder.addAttribute('vec4', 'aVertexPosition');","        builder.setVertexMain(`gl_Position = aVertexPosition;`);","        builder.addFragmentCode(shader_lib_1.glsl_debugFunctions);","        return _this;","    }","","    _createClass(FragmentShaderTester, [{","        key: 'build',","        value: function build() {","            this.shader = this.builder.build();","        }","    }, {","        key: 'execute',","        value: function execute() {","            this.offscreenFramebuffer.bind(1, 1);","            var { gl, shader } = this;","            gl.disable(gl.STENCIL_TEST);","            gl.disable(gl.SCISSOR_TEST);","            gl.disable(gl.DEPTH_TEST);","            gl.disable(gl.BLEND);","            var aVertexPosition = shader.attribute('aVertexPosition');","            this.vertexPositionsBuffer.bindToVertexAttrib(aVertexPosition, 4);","            gl.drawArrays(gl.TRIANGLE_FAN, 0, 4);","            gl.disableVertexAttribArray(aVertexPosition);","            this.offscreenFramebuffer.unbind();","        }","    }, {","        key: 'readBytes',","        value: function readBytes(index = 0) {","            return this.offscreenFramebuffer.readPixel(index, 0, 0);","        }","    }, {","        key: 'readVec4',","        value: function readVec4(index) {","            var x = this.readBytes(index);","            return geom_1.vec4.fromValues(x[0] / 255, x[1] / 255, x[2] / 255, x[3] / 255);","        }","    }, {","        key: 'readFloat',","        value: function readFloat(index) {","            var bytes = this.readBytes(index);","            var dataView = new DataView(bytes.buffer, 0, 4);","            return dataView.getFloat32(0, /*littleEndian=*/true);","        }","        /**","         * Interprets the 4-byte RGBA value as a native uint32.","         */","","    }, {","        key: 'readUint32',","        value: function readUint32(index) {","            var bytes = this.readBytes(index);","            return new Uint32Array(bytes.buffer)[0];","        }","    }]);","","    return FragmentShaderTester;","}(disposable_1.RefCounted);","","exports.FragmentShaderTester = FragmentShaderTester;",";","function fragmentShaderTest(numOutputs, f) {","    testing_1.webglTest(gl => {","        var tester = new FragmentShaderTester(gl, numOutputs);","        try {","            f(tester);","        } finally {","            tester.dispose();","        }","    });","}","exports.fragmentShaderTest = fragmentShaderTest;"],"l":{"18":6,"20":6,"22":6,"24":1,"26":1,"27":1,"28":1,"29":1,"30":1,"31":1,"32":1,"34":1,"35":1,"37":1,"38":6,"40":6,"42":6,"43":6,"44":6,"45":6,"46":6,"47":6,"48":6,"49":6,"50":6,"51":6,"52":6,"55":1,"58":6,"63":2518,"64":2518,"65":2518,"66":2518,"67":2518,"68":2518,"69":2518,"70":2518,"71":2518,"72":2518,"73":2518,"78":14218,"83":1,"84":1,"89":12711,"90":12711,"91":12711,"100":1200,"101":1200,"105":1,"108":1,"110":1,"111":6,"112":6,"113":6,"114":6,"116":6,"120":1}},
[...]
"column":96}}]},"31":{"line":205,"type":"if","locations":[{"start":{"line":205,"column":12},"end":{"line":205,"column":12}},{"start":{"line":205,"column":12},"end":{"line":205,"column":12}}]},"32":{"line":233,"type":"if","locations":[{"start":{"line":233,"column":4},"end":{"line":233,"column":4}},{"start":{"line":233,"column":4},"end":{"line":233,"column":4}}]},"33":{"line":247,"type":"if","locations":[{"start":{"line":247,"column":8},"end":{"line":247,"column":8}},{"start":{"line":247,"column":8},"end":{"line":247,"column":8}}]},"34":{"line":255,"type":"if","locations":[{"start":{"line":255,"column":12},"end":{"line":255,"column":12}},{"start":{"line":255,"column":12},"end":{"line":255,"column":12}}]},"35":{"line":286,"type":"if","locations":[{"start":{"line":286,"column":8},"end":{"line":286,"column":8}},{"start":{"line":286,"column":8},"end":{"line":286,"column":8}}]},"36":{"line":294,"type":"if","locations":[{"start":{"line":294,"column":12},"end":{"line":294,"column":12}},{"start":{"line":294,"column":12},"end":{"line":294,"column":12}}]},"37":{"line":313,"type":"if","locations":[{"start":{"line":313,"column":4},"end":{"line":313,"column":4}},{"start":{"line":313,"column":4},"end":{"line":313,"column":4}}]},"38":{"line":321,"type":"if","locations":[{"start":{"line":321,"column":4},"end":{"line":321,"column":4}},{"start":{"line":321,"column":4},"end":{"line":321,"column":4}}]},"39":{"line":321,"type":"binary-expr","locations":[{"start":{"line":321,"column":8},"end":{"line":321,"column":27}},{"start":{"line":321,"column":31},"end":{"line":321,"column":52}}]},"40":{"line":331,"type":"if","locations":[{"start":{"line":331,"column":4},"end":{"line":331,"column":4}},{"start":{"line":331,"column":4},"end":{"line":331,"column":4}}]},"41":{"line":331,"type":"binary-expr","locations":[{"start":{"line":331,"column":8},"end":{"line":331,"column":31}},{"start":{"line":331,"column":35},"end":{"line":331,"column":46}},{"start":{"line":331,"column":50},"end":{"line":331,"column":68}}]},"42":{"line":339,"type":"if","locations":[{"start":{"line":339,"column":4},"end":{"line":339,"column":4}},{"start":{"line":339,"column":4},"end":{"line":339,"column":4}}]},"43":{"line":347,"type":"if","locations":[{"start":{"line":347,"column":4},"end":{"line":347,"column":4}},{"start":{"line":347,"column":4},"end":{"line":347,"column":4}}]},"44":{"line":355,"type":"if","locations":[{"start":{"line":355,"column":4},"end":{"line":355,"column":4}},{"start":{"line":355,"column":4},"end":{"line":355,"column":4}}]},"45":{"line":362,"type":"if","locations":[{"start":{"line":362,"column":4},"end":{"line":362,"column":4}},{"start":{"line":362,"column":4},"end":{"line":362,"column":4}}]},"46":{"line":369,"type":"if","locations":[{"start":{"line":369,"column":4},"end":{"line":369,"column":4}},{"start":{"line":369,"column":4},"end":{"line":369,"column":4}}]},"47":{"line":376,"type":"cond-expr","locations":[{"start":{"line":376,"column":51},"end":{"line":376,"column":68}},{"start":{"line":376,"column":71},"end":{"line":376,"column":80}}]},"48":{"line":398,"type":"if","locations":[{"start":{"line":398,"column":4},"end":{"line":398,"column":4}},{"start":{"line":398,"column":4},"end":{"line":398,"column":4}}]},"49":{"line":398,"type":"binary-expr","locations":[{"start":{"line":398,"column":8},"end":{"line":398,"column":31}},{"start":{"line":398,"column":35},"end":{"line":398,"column":56}},{"start":{"line":398,"column":60},"end":{"line":398,"column":67}},{"start":{"line":398,"column":71},"end":{"line":398,"column":78}}]}},"code":["/**"," * @license"," * Copyright 2016 Google Inc."," * Licensed under the Apache License, Version 2.0 (the \"License\");"," * you may not use this file except in compliance with the License."," * You may obtain a copy of the License at"," *"," *      http://www.apache.org/licenses/LICENSE-2.0"," *"," * Unless required by applicable law or agreed to in writing, software"," * distributed under the License is distributed on an \"AS IS\" BASIS,"," * WITHOUT WARRANTIES OR CONDITIONS OF ANY KIND, either express or implied."," * See the License for the specific language governing permissions and"," * limitations under the License."," */","\"use strict\";","","function verifyFloat(obj) {","    var t = typeof obj;","    if (t === 'number' || t === 'string') {","        var x = parseFloat('' + obj);","        if (!Number.isNaN(x)) {","            return x;","        }","    }","    throw new Error(`Expected floating-point number, but received: ${ JSON.stringify(obj) }.`);","}","exports.verifyFloat = verifyFloat;","function verifyFinitePositiveFloat(obj) {","    var x = verifyFloat(obj);","    if (Number.isFinite(x) && x > 0) {","        return x;","    }","    throw new Error(`Expected positive finite floating-point number, but received: ${ x }.`);","}","exports.verifyFinitePositiveFloat = verifyFinitePositiveFloat;","function parseXYZ(out, obj, validator = verifyFloat) {","    verifyObject(obj);","    var keys = Object.keys(obj);","    keys.sort();","    if (keys.length !== 3 || keys[0] !== 'x' || keys[1] !== 'y' || keys[2] !== 'z') {","        throw new Error(`Expected object to have keys ['x', 'y', 'z'], but received: ${ JSON.stringify(obj) }.`);","    }","    out[0] = validator(obj['x']);","    out[1] = validator(obj['y']);","    out[2] = validator(obj['z']);","    return out;","}","exports.parseXYZ = parseXYZ;","function parseFiniteVec(out, obj) {","    var length = out.length;","    if (!Array.isArray(obj) || obj.length !== length) {","        throw new Error('Incompatible sizes');","    }","    for (var i = 0; i < length; ++i) {","        if (!Number.isFinite(parseFloat(obj[i]))) {","            throw new Error('Non-finite value.');","        }","    }","    for (var _i = 0; _i < length; ++_i) {","        out[_i] = parseFloat(obj[_i]);","    }","    return out;","}","exports.parseFiniteVec = parseFiniteVec;","function parseIntVec(out, obj) {","    var length = out.length;","    if (!Array.isArray(obj) || obj.length !== length) {","        throw new Error('Incompatible sizes.');","    }","    for (var i = 0; i < length; ++i) {","        var val = parseInt(obj[i], undefined);","        if (!Number.isInteger(val)) {","            throw new Error('Non-integer value.');","        }","    }","    for (var _i2 = 0; _i2 < length; ++_i2) {","        out[_i2] = parseInt(obj[_i2], undefined);","    }","    return out;","}","exports.parseIntVec = parseIntVec;","/**"," * Returns a JSON representation of x, with object keys sorted to ensure a"," * consistent result."," */","function stableStringify(x) {","    if (typeof x === 'object') {","        if (x === null) {","            return 'null';","        }","        if (Array.isArray(x)) {","            var _s = '[';","            var _size = x.length;","            var _i3 = 0;","            if (_i3 < _size) {","                _s += stableStringify(x[_i3]);","                while (++_i3 < _size) {","                    _s += ',';","                    _s += stableStringify(x[_i3]);","                }","            }","            _s += ']';","            return _s;","        }","        var s = '{';","        var keys = Object.keys(x).sort();","        var i = 0;","        var size = keys.length;","        if (i < size) {","            var key = keys[i];","            s += JSON.stringify(key);","            s += ':';","            s += stableStringify(x[key]);","            while (++i < size) {","                s += ',';","                key = keys[i];","                s += JSON.stringify(key);","                s += ':';","                s += stableStringify(x[key]);","            }","        }","        s += '}';","        return s;","    }","    return JSON.stringify(x);","}","exports.stableStringify = stableStringify;","function swapQuotes(x) {","    return x.replace(/['\"]/g, s => {","        return s === '\"' ? '\\'' : '\"';","    });","}","function urlSafeStringifyString(x) {","    return swapQuotes(JSON.stringify(swapQuotes(x)));","}","exports.urlSafeStringifyString = urlSafeStringifyString;","var URL_SAFE_COMMA = '_';","function urlSafeStringify(x) {","    if (typeof x === 'object') {","        if (x === null) {","            return 'null';","        }","        var toJSON = x['toJSON'];","        if (typeof toJSON === 'function') {","            return urlSafeStringify(toJSON.call(x));","        }","        if (Array.isArray(x)) {","            var _s2 = '[';","            var size = x.length;","            var i = 0;","            if (i < size) {","                _s2 += urlSafeStringify(x[i]);","                while (++i < size) {","                    _s2 += URL_SAFE_COMMA;","                    _s2 += urlSafeStringify(x[i]);","                }","            }","            _s2 += ']';","            return _s2;","        }","        var s = '{';","        var keys = Object.keys(x);","        var first = true;","        for (var key of keys) {","            var value = x[key];","            if (value === undefined) {","                continue;","            }","            var valueString = urlSafeStringify(value);","            if (!valueString) {","                continue;","            }","            if (!first) {","                s += URL_SAFE_COMMA;","            } else {","                first = false;","            }","            s += urlSafeStringifyString(key);","            s += ':';","            s += valueString;","        }","        s += '}';","        return s;","    }","    if (typeof x === 'string') {","        return urlSafeStringifyString(x);","    }","    return JSON.stringify(x);","}","exports.urlSafeStringify = urlSafeStringify;","var SINGLE_QUOTE_STRING_PATTERN = /('(?:[^'\\\\]|(?:\\\\.))*')/;","var DOUBLE_QUOTE_STRING_PATTERN = /(\"(?:[^'\\\\]|(?:\\\\.))*\")/;","var SINGLE_OR_DOUBLE_QUOTE_STRING_PATTERN = new RegExp(`${ SINGLE_QUOTE_STRING_PATTERN.source }|${ DOUBLE_QUOTE_STRING_PATTERN.source }`);","var DOUBLE_OR_SINGLE_QUOTE_STRING_PATTERN = new RegExp(`${ DOUBLE_QUOTE_STRING_PATTERN.source }|${ SINGLE_QUOTE_STRING_PATTERN.source }`);","//const stringLiteralPattern = /('(?:[^'\\\\]|(?:\\\\.))*')|(\"(?:[^\"\\\\]|(?:\\\\.))*\")/;","var DOUBLE_QUOTE_PATTERN = /^((?:[^\"'\\\\]|(?:\\\\.))*)\"/;","var SINGLE_QUOTE_PATTERN = /^((?:[^\"'\\\\]|(?:\\\\.))*)'/;","function convertStringLiteral(x, quoteInitial, quoteReplace, quoteSearch) {","    if (x.length >= 2 && x.charAt(0) === quoteInitial && x.charAt(x.length - 1) === quoteInitial) {","        var inner = x.substr(1, x.length - 2);","        var s = quoteReplace;","        while (inner.length > 0) {","            var m = inner.match(quoteSearch);","            if (m === null) {","                s += inner;","                break;","            }","            s += m[1];","            s += '\\\\';","            s += quoteReplace;","            inner = inner.substr(m.index + m[0].length);","        }","        s += quoteReplace;","        return s;","    }","    return x;","}","/**"," * Converts a string literal delimited by either single or double quotes into a string literal"," * delimited by double quotes."," */","function normalizeStringLiteral(x) {","    return convertStringLiteral(x, '\\'', '\"', DOUBLE_QUOTE_PATTERN);","}","exports.normalizeStringLiteral = normalizeStringLiteral;","// quoteChar: des","function convertJsonHelper(x, desiredCommaChar, desiredQuoteChar) {","    var commaSearch = /[&_,]/g;","    var quoteInitial = void 0;","    var quoteSearch = void 0;","    var stringLiteralPattern = void 0;","    if (desiredQuoteChar === '\"') {","        quoteInitial = '\\'';","        quoteSearch = DOUBLE_QUOTE_PATTERN;","        stringLiteralPattern = SINGLE_OR_DOUBLE_QUOTE_STRING_PATTERN;","    } else {","        quoteInitial = '\"';","        quoteSearch = SINGLE_QUOTE_PATTERN;","        stringLiteralPattern = DOUBLE_OR_SINGLE_QUOTE_STRING_PATTERN;","    }","    var s = '';","    while (x.length > 0) {","        var m = x.match(stringLiteralPattern);","        var before = void 0;","        var replacement = void 0;","        if (m === null) {","            before = x;","            x = '';","            replacement = '';","        } else {","            before = x.substr(0, m.index);","            x = x.substr(m.index + m[0].length);","            var originalString = m[1];","            if (originalString !== undefined) {","                replacement = convertStringLiteral(originalString, quoteInitial, desiredQuoteChar, quoteSearch);","            } else {","                replacement = m[2];","            }","        }","        s += before.replace(commaSearch, desiredCommaChar);","        s += replacement;","    }","    return s;","}","function urlSafeToJSON(x) {","    return convertJsonHelper(x, ',', '\"');","}","exports.urlSafeToJSON = urlSafeToJSON;","function jsonToUrlSafe(x) {","    return convertJsonHelper(x, '_', '\\'');","}","exports.jsonToUrlSafe = jsonToUrlSafe;","function urlSafeParse(x) {","    return JSON.parse(urlSafeToJSON(x));","}","exports.urlSafeParse = urlSafeParse;","// Converts a string containing a Python literal into a string containing an equivalent JSON","// literal.","function pythonLiteralToJSON(x) {","    var s = '';","    while (x.length > 0) {","        var m = x.match(SINGLE_OR_DOUBLE_QUOTE_STRING_PATTERN);","        var before = void 0;","        var replacement = void 0;","        if (m === null) {","            before = x;","            x = '';","            replacement = '';","        } else {","            before = x.substr(0, m.index);","            x = x.substr(m.index + m[0].length);","            var singleQuoteString = m[1];","            if (singleQuoteString !== undefined) {","                replacement = normalizeStringLiteral(singleQuoteString);","            } else {","                replacement = m[2];","            }","        }","        s += before.replace(/\\(/g, '[').replace(/\\)/g, ']').replace('True', 'true').replace('False', 'false').replace(/,\\s*([\\}\\]])/g, '$1');","        s += replacement;","    }","    return s;","}","exports.pythonLiteralToJSON = pythonLiteralToJSON;","// Converts a string containing a Python literal into an equivalent JavaScript value.","function pythonLiteralParse(x) {","    return JSON.parse(pythonLiteralToJSON(x));","}","exports.pythonLiteralParse = pythonLiteralParse;","// Checks that `x' is an array, maps each element by parseElement.","function parseArray(x, parseElement) {","    if (!Array.isArray(x)) {","        throw new Error(`Expected array, but received: ${ JSON.stringify(x) }.`);","    }","    return x.map(parseElement);","}","exports.parseArray = parseArray;","function parseFixedLengthArray(out, obj, parseElement) {","    var length = out.length;","    if (!Array.isArray(obj) || obj.length !== length) {","        throw new Error(`Expected length ${ length } array, but received: ${ JSON.stringify(obj) }.`);","    }","    for (var i = 0; i < length; ++i) {","        out[i] = parseElement(obj[i], i);","    }","    return out;","}","exports.parseFixedLengthArray = parseFixedLengthArray;","function verifyObject(obj) {","    if (typeof obj !== 'object' || obj == null || Array.isArray(obj)) {","        throw new Error(`Expected JSON object, but received: ${ JSON.stringify(obj) }.`);","    }","    return obj;","}","exports.verifyObject = verifyObject;","function verifyInt(obj) {","    var result = parseInt(obj, 10);","    if (!Number.isInteger(result)) {","        throw new Error(`Expected integer, but received: ${ JSON.stringify(obj) }.`);","    }","    return result;","}","exports.verifyInt = verifyInt;","function verifyPositiveInt(obj) {","    var result = verifyInt(obj);","    if (result <= 0) {","        throw new Error(`Expected positive integer, but received: ${ result }.`);","    }","    return result;","}","exports.verifyPositiveInt = verifyPositiveInt;","function verifyMapKey(obj, map) {","    var result = map.get(obj);","    if (result === undefined) {","        throw new Error(`Expected one of ${ JSON.stringify(Array.from(map.keys())) }, but received: ${ JSON.stringify(obj) }.`);","    }","    return result;","}","exports.verifyMapKey = verifyMapKey;","function verifyString(obj) {","    if (typeof obj !== 'string') {","        throw new Error(`Expected string, but received: ${ JSON.stringify(obj) }.`);","    }","    return obj;","}","exports.verifyString = verifyString;","function verifyOptionalString(obj) {","    if (obj === undefined) {","        return undefined;","    }","    return verifyString(obj);","}","exports.verifyOptionalString = verifyOptionalString;","function verifyObjectProperty(obj, propertyName, validator) {","    var value = obj.hasOwnProperty(propertyName) ? obj[propertyName] : undefined;","    try {","        return validator(value);","    } catch (parseError) {","        throw new Error(`Error parsing ${ JSON.stringify(propertyName) } property: ${ parseError.message }`);","    }","}","exports.verifyObjectProperty = verifyObjectProperty;","function verifyObjectAsMap(obj, validator) {","    verifyObject(obj);","    var map = new Map();","    for (var key of Object.keys(obj)) {","        try {","            map.set(key, validator(obj[key]));","        } catch (parseError) {","            throw new Error(`Error parsing value associated with key ${ JSON.stringify(key) }: ${ parseError.message }`);","        }","    }","    return map;","}","exports.verifyObjectAsMap = verifyObjectAsMap;","function verifyFloat01(obj) {","    if (typeof obj !== 'number' || !Number.isFinite(obj) || obj < 0 || obj > 1) {","        throw new Error(`Expected floating point number in [0,1], but received: ${ JSON.stringify(obj) }.`);","    }","    return obj;","}","exports.verifyFloat01 = verifyFloat01;"],"l":{"18":1,"19":0,"20":0,"21":0,"22":0,"23":0,"26":0,"28":1,"29":1,"30":0,"31":0,"32":0,"34":0,"36":1,"37":1,"38":0,"39":0,"40":0,"41":0,"42":0,"44":0,"45":0,"46":0,"47":0,"49":1,"50":1,"51":0,"52":0,"53":0,"55":0,"56":0,"57":0,"60":0,"61":0,"63":0,"65":1,"66":1,"67":0,"68":0,"69":0,"71":0,"72":0,"73":0,"74":0,"77":0,"78":0,"80":0,"82":1,"87":1,"88":0,"89":0,"90":0,"92":0,"93":0,"94":0,"95":0,"96":0,"97":0,"98":0,"99":0,"100":0,"103":0,"104":0,"106":0,"107":0,"108":0,"109":0,"110":0,"111":0,"112":0,"113":0,"114":0,"115":0,"116":0,"117":0,"118":0,"119":0,"120":0,"123":0,"124":0,"126":0,"128":1,"129":1,"130":18,"131":22,"134":1,"135":9,"137":1,"138":1,"139":1,"140":9,"141":3,"142":1,"144":2,"145":2,"146":0,"148":2,"149":1,"150":1,"151":1,"152":1,"153":1,"154":1,"155":1,"156":1,"159":1,"160":1,"162":1,"163":1,"164":1,"165":1,"166":2,"167":2,"168":0,"170":2,"171":2,"172":0,"174":2,"175":1,"177":1,"179":2,"180":2,"181":2,"183":1,"184":1,"186":6,"187":4,"189":2,"191":1,"192":1,"193":1,"194":1,"195":1,"197":1,"198":1,"199":1,"200":23,"201":23,"202":23,"203":23,"204":23,"205":23,"206":22,"207":22,"209":1,"210":1,"211":1,"212":1,"214":23,"215":23,"217":0,"223":1,"224":11,"226":1,"228":1,"229":7,"230":7,"231":7,"232":7,"233":7,"234":7,"235":7,"236":7,"238":0,"239":0,"240":0,"242":7,"243":7,"244":20,"245":20,"246":20,"247":20,"248":7,"249":7,"250":7,"252":13,"253":13,"254":13,"255":13,"256":12,"258":1,"261":20,"262":20,"264":7,"266":1,"267":7,"269":1,"270":1,"271":0,"273":1,"274":1,"275":4,"277":1,"280":1,"281":2,"282":2,"283":10,"284":10,"285":10,"286":10,"287":2,"288":2,"289":2,"291":8,"292":8,"293":8,"294":8,"295":8,"297":0,"300":10,"301":10,"303":2,"305":1,"307":1,"308":1,"310":1,"312":1,"313":0,"314":0,"316":0,"318":1,"319":1,"320":0,"321":0,"322":0,"324":0,"325":0,"327":0,"329":1,"330":1,"331":0,"332":0,"334":0,"336":1,"337":1,"338":0,"339":0,"340":0,"342":0,"344":1,"345":1,"346":0,"347":0,"348":0,"350":0,"352":1,"353":1,"354":0,"355":0,"356":0,"358":0,"360":1,"361":1,"362":0,"363":0,"365":0,"367":1,"368":1,"369":0,"370":0,"372":0,"374":1,"375":1,"376":0,"377":0,"378":0,"380":0,"383":1,"384":1,"385":0,"386":0,"387":0,"388":0,"389":0,"391":0,"394":0,"396":1,"397":1,"398":0,"399":0,"401":0,"403":1}}}
